The target system is: Linux -  - aarch64
The host system is: Linux - 6.6.87.1-microsoft-standard-WSL2 - x86_64
Compiling the C compiler identification source file "CMakeCCompilerId.c" succeeded.
Compiler: /x-tools/aarch64-unknown-linux-gnu/bin/aarch64-unknown-linux-gnu-gcc 
Build flags: 
Id flags:  

The output was:
0


Compilation of the C compiler identification source "CMakeCCompilerId.c" produced "a.out"

The C compiler identification is GNU, found in "/app/build/CMakeFiles/3.22.1/CompilerIdC/a.out"

Compiling the CXX compiler identification source file "CMakeCXXCompilerId.cpp" succeeded.
Compiler: /x-tools/aarch64-unknown-linux-gnu/bin/aarch64-unknown-linux-gnu-c++ 
Build flags: 
Id flags:  

The output was:
0


Compilation of the CXX compiler identification source "CMakeCXXCompilerId.cpp" produced "a.out"

The CXX compiler identification is GNU, found in "/app/build/CMakeFiles/3.22.1/CompilerIdCXX/a.out"

Detecting C compiler ABI info compiled with the following output:
Change Dir: /app/build/CMakeFiles/CMakeTmp

Run Build Command(s):/usr/bin/gmake -f Makefile cmTC_bfd53/fast && /usr/bin/gmake  -f CMakeFiles/cmTC_bfd53.dir/build.make CMakeFiles/cmTC_bfd53.dir/build
gmake[1]: Entering directory '/app/build/CMakeFiles/CMakeTmp'
Building C object CMakeFiles/cmTC_bfd53.dir/CMakeCCompilerABI.c.o
/x-tools/aarch64-unknown-linux-gnu/bin/aarch64-unknown-linux-gnu-gcc --sysroot=/x-tools/aarch64-unknown-linux-gnu/aarch64-unknown-linux-gnu/sysroot -D_FILE_OFFSET_BITS=64 -D_LARGEFILE64_SOURCE -D_LARGEFILE_SOURCE  -v -o CMakeFiles/cmTC_bfd53.dir/CMakeCCompilerABI.c.o -c /usr/share/cmake-3.22/Modules/CMakeCCompilerABI.c
Using built-in specs.
COLLECT_GCC=/x-tools/aarch64-unknown-linux-gnu/bin/aarch64-unknown-linux-gnu-gcc
Target: aarch64-unknown-linux-gnu
Configured with: /home/ARM-Crosstool/crosstool-ng/.build/aarch64-unknown-linux-gnu/src/gcc/configure --build=x86_64-build_pc-linux-gnu --host=x86_64-build_pc-linux-gnu --target=aarch64-unknown-linux-gnu --prefix=/home/joey/x-tools/aarch64-unknown-linux-gnu --exec_prefix=/home/joey/x-tools/aarch64-unknown-linux-gnu --with-sysroot=/home/joey/x-tools/aarch64-unknown-linux-gnu/aarch64-unknown-linux-gnu/sysroot --enable-languages=c,c++ --with-pkgversion='crosstool-NG 1.27.0' --enable-__cxa_atexit --disable-libmudflap --disable-libgomp --disable-libssp --disable-libquadmath --disable-libquadmath-support --disable-libsanitizer --disable-libmpx --with-gmp=/home/ARM-Crosstool/crosstool-ng/.build/aarch64-unknown-linux-gnu/buildtools --with-mpfr=/home/ARM-Crosstool/crosstool-ng/.build/aarch64-unknown-linux-gnu/buildtools --with-mpc=/home/ARM-Crosstool/crosstool-ng/.build/aarch64-unknown-linux-gnu/buildtools --with-isl=/home/ARM-Crosstool/crosstool-ng/.build/aarch64-unknown-linux-gnu/buildtools --enable-lto --enable-threads=posix --enable-target-optspace --disable-plugin --disable-nls --disable-multilib --with-local-prefix=/home/joey/x-tools/aarch64-unknown-linux-gnu/aarch64-unknown-linux-gnu/sysroot --enable-long-long
Thread model: posix
Supported LTO compression algorithms: zlib zstd
gcc version 14.2.0 (crosstool-NG 1.27.0) 
COLLECT_GCC_OPTIONS='--sysroot=/x-tools/aarch64-unknown-linux-gnu/aarch64-unknown-linux-gnu/sysroot' '-D' '_FILE_OFFSET_BITS=64' '-D' '_LARGEFILE64_SOURCE' '-D' '_LARGEFILE_SOURCE' '-v' '-o' 'CMakeFiles/cmTC_bfd53.dir/CMakeCCompilerABI.c.o' '-c' '-mlittle-endian' '-mabi=lp64' '-dumpdir' 'CMakeFiles/cmTC_bfd53.dir/'
 /x-tools/aarch64-unknown-linux-gnu/bin/../libexec/gcc/aarch64-unknown-linux-gnu/14.2.0/cc1 -quiet -v -iprefix /x-tools/aarch64-unknown-linux-gnu/bin/../lib/gcc/aarch64-unknown-linux-gnu/14.2.0/ -isysroot /x-tools/aarch64-unknown-linux-gnu/aarch64-unknown-linux-gnu/sysroot -D _FILE_OFFSET_BITS=64 -D _LARGEFILE64_SOURCE -D _LARGEFILE_SOURCE /usr/share/cmake-3.22/Modules/CMakeCCompilerABI.c -quiet -dumpdir CMakeFiles/cmTC_bfd53.dir/ -dumpbase CMakeCCompilerABI.c.c -dumpbase-ext .c -mlittle-endian -mabi=lp64 -version -o /tmp/ccdyOPNH.s
GNU C17 (crosstool-NG 1.27.0) version 14.2.0 (aarch64-unknown-linux-gnu)
	compiled by GNU C version 11.4.0, GMP version 6.3.0, MPFR version 4.2.1, MPC version 1.3.1, isl version isl-0.26-GMP

GGC heuristics: --param ggc-min-expand=100 --param ggc-min-heapsize=131072
ignoring duplicate directory "/x-tools/aarch64-unknown-linux-gnu/bin/../lib/gcc/../../lib/gcc/aarch64-unknown-linux-gnu/14.2.0/include"
ignoring nonexistent directory "/x-tools/aarch64-unknown-linux-gnu/aarch64-unknown-linux-gnu/sysroot/home/joey/x-tools/aarch64-unknown-linux-gnu/aarch64-unknown-linux-gnu/sysroot/include"
ignoring duplicate directory "/x-tools/aarch64-unknown-linux-gnu/bin/../lib/gcc/../../lib/gcc/aarch64-unknown-linux-gnu/14.2.0/include-fixed"
ignoring duplicate directory "/x-tools/aarch64-unknown-linux-gnu/bin/../lib/gcc/../../lib/gcc/aarch64-unknown-linux-gnu/14.2.0/../../../../aarch64-unknown-linux-gnu/include"
#include "..." search starts here:
#include <...> search starts here:
 /x-tools/aarch64-unknown-linux-gnu/bin/../lib/gcc/aarch64-unknown-linux-gnu/14.2.0/include
 /x-tools/aarch64-unknown-linux-gnu/bin/../lib/gcc/aarch64-unknown-linux-gnu/14.2.0/include-fixed
 /x-tools/aarch64-unknown-linux-gnu/bin/../lib/gcc/aarch64-unknown-linux-gnu/14.2.0/../../../../aarch64-unknown-linux-gnu/include
 /x-tools/aarch64-unknown-linux-gnu/aarch64-unknown-linux-gnu/sysroot/usr/include
End of search list.
Compiler executable checksum: 0b2496194e8d2c7ddab634c009d89db0
COLLECT_GCC_OPTIONS='--sysroot=/x-tools/aarch64-unknown-linux-gnu/aarch64-unknown-linux-gnu/sysroot' '-D' '_FILE_OFFSET_BITS=64' '-D' '_LARGEFILE64_SOURCE' '-D' '_LARGEFILE_SOURCE' '-v' '-o' 'CMakeFiles/cmTC_bfd53.dir/CMakeCCompilerABI.c.o' '-c' '-mlittle-endian' '-mabi=lp64' '-dumpdir' 'CMakeFiles/cmTC_bfd53.dir/'
 /x-tools/aarch64-unknown-linux-gnu/bin/../lib/gcc/aarch64-unknown-linux-gnu/14.2.0/../../../../aarch64-unknown-linux-gnu/bin/as -v -EL -mabi=lp64 -o CMakeFiles/cmTC_bfd53.dir/CMakeCCompilerABI.c.o /tmp/ccdyOPNH.s
GNU assembler version 2.43.1 (aarch64-unknown-linux-gnu) using BFD version (crosstool-NG 1.27.0) 2.43.1
COMPILER_PATH=/x-tools/aarch64-unknown-linux-gnu/bin/../libexec/gcc/aarch64-unknown-linux-gnu/14.2.0/:/x-tools/aarch64-unknown-linux-gnu/bin/../libexec/gcc/:/x-tools/aarch64-unknown-linux-gnu/bin/../lib/gcc/aarch64-unknown-linux-gnu/14.2.0/../../../../aarch64-unknown-linux-gnu/bin/
LIBRARY_PATH=/x-tools/aarch64-unknown-linux-gnu/bin/../lib/gcc/aarch64-unknown-linux-gnu/14.2.0/:/x-tools/aarch64-unknown-linux-gnu/bin/../lib/gcc/:/x-tools/aarch64-unknown-linux-gnu/bin/../lib/gcc/aarch64-unknown-linux-gnu/14.2.0/../../../../aarch64-unknown-linux-gnu/lib/../lib64/:/x-tools/aarch64-unknown-linux-gnu/aarch64-unknown-linux-gnu/sysroot/lib/../lib64/:/x-tools/aarch64-unknown-linux-gnu/aarch64-unknown-linux-gnu/sysroot/usr/lib/../lib64/:/x-tools/aarch64-unknown-linux-gnu/bin/../lib/gcc/aarch64-unknown-linux-gnu/14.2.0/../../../../aarch64-unknown-linux-gnu/lib/:/x-tools/aarch64-unknown-linux-gnu/aarch64-unknown-linux-gnu/sysroot/lib/:/x-tools/aarch64-unknown-linux-gnu/aarch64-unknown-linux-gnu/sysroot/usr/lib/
COLLECT_GCC_OPTIONS='--sysroot=/x-tools/aarch64-unknown-linux-gnu/aarch64-unknown-linux-gnu/sysroot' '-D' '_FILE_OFFSET_BITS=64' '-D' '_LARGEFILE64_SOURCE' '-D' '_LARGEFILE_SOURCE' '-v' '-o' 'CMakeFiles/cmTC_bfd53.dir/CMakeCCompilerABI.c.o' '-c' '-mlittle-endian' '-mabi=lp64' '-dumpdir' 'CMakeFiles/cmTC_bfd53.dir/CMakeCCompilerABI.c.'
Linking C executable cmTC_bfd53
/usr/bin/cmake -E cmake_link_script CMakeFiles/cmTC_bfd53.dir/link.txt --verbose=1
/x-tools/aarch64-unknown-linux-gnu/bin/aarch64-unknown-linux-gnu-gcc --sysroot=/x-tools/aarch64-unknown-linux-gnu/aarch64-unknown-linux-gnu/sysroot  -v CMakeFiles/cmTC_bfd53.dir/CMakeCCompilerABI.c.o -o cmTC_bfd53   -L/app/build/CMakeFiles/CMakeTmp/. 
Using built-in specs.
COLLECT_GCC=/x-tools/aarch64-unknown-linux-gnu/bin/aarch64-unknown-linux-gnu-gcc
COLLECT_LTO_WRAPPER=/x-tools/aarch64-unknown-linux-gnu/bin/../libexec/gcc/aarch64-unknown-linux-gnu/14.2.0/lto-wrapper
Target: aarch64-unknown-linux-gnu
Configured with: /home/ARM-Crosstool/crosstool-ng/.build/aarch64-unknown-linux-gnu/src/gcc/configure --build=x86_64-build_pc-linux-gnu --host=x86_64-build_pc-linux-gnu --target=aarch64-unknown-linux-gnu --prefix=/home/joey/x-tools/aarch64-unknown-linux-gnu --exec_prefix=/home/joey/x-tools/aarch64-unknown-linux-gnu --with-sysroot=/home/joey/x-tools/aarch64-unknown-linux-gnu/aarch64-unknown-linux-gnu/sysroot --enable-languages=c,c++ --with-pkgversion='crosstool-NG 1.27.0' --enable-__cxa_atexit --disable-libmudflap --disable-libgomp --disable-libssp --disable-libquadmath --disable-libquadmath-support --disable-libsanitizer --disable-libmpx --with-gmp=/home/ARM-Crosstool/crosstool-ng/.build/aarch64-unknown-linux-gnu/buildtools --with-mpfr=/home/ARM-Crosstool/crosstool-ng/.build/aarch64-unknown-linux-gnu/buildtools --with-mpc=/home/ARM-Crosstool/crosstool-ng/.build/aarch64-unknown-linux-gnu/buildtools --with-isl=/home/ARM-Crosstool/crosstool-ng/.build/aarch64-unknown-linux-gnu/buildtools --enable-lto --enable-threads=posix --enable-target-optspace --disable-plugin --disable-nls --disable-multilib --with-local-prefix=/home/joey/x-tools/aarch64-unknown-linux-gnu/aarch64-unknown-linux-gnu/sysroot --enable-long-long
Thread model: posix
Supported LTO compression algorithms: zlib zstd
gcc version 14.2.0 (crosstool-NG 1.27.0) 
COMPILER_PATH=/x-tools/aarch64-unknown-linux-gnu/bin/../libexec/gcc/aarch64-unknown-linux-gnu/14.2.0/:/x-tools/aarch64-unknown-linux-gnu/bin/../libexec/gcc/:/x-tools/aarch64-unknown-linux-gnu/bin/../lib/gcc/aarch64-unknown-linux-gnu/14.2.0/../../../../aarch64-unknown-linux-gnu/bin/
LIBRARY_PATH=/x-tools/aarch64-unknown-linux-gnu/bin/../lib/gcc/aarch64-unknown-linux-gnu/14.2.0/:/x-tools/aarch64-unknown-linux-gnu/bin/../lib/gcc/:/x-tools/aarch64-unknown-linux-gnu/bin/../lib/gcc/aarch64-unknown-linux-gnu/14.2.0/../../../../aarch64-unknown-linux-gnu/lib/../lib64/:/x-tools/aarch64-unknown-linux-gnu/aarch64-unknown-linux-gnu/sysroot/lib/../lib64/:/x-tools/aarch64-unknown-linux-gnu/aarch64-unknown-linux-gnu/sysroot/usr/lib/../lib64/:/x-tools/aarch64-unknown-linux-gnu/bin/../lib/gcc/aarch64-unknown-linux-gnu/14.2.0/../../../../aarch64-unknown-linux-gnu/lib/:/x-tools/aarch64-unknown-linux-gnu/aarch64-unknown-linux-gnu/sysroot/lib/:/x-tools/aarch64-unknown-linux-gnu/aarch64-unknown-linux-gnu/sysroot/usr/lib/
COLLECT_GCC_OPTIONS='--sysroot=/x-tools/aarch64-unknown-linux-gnu/aarch64-unknown-linux-gnu/sysroot' '-v' '-o' 'cmTC_bfd53' '-L/app/build/CMakeFiles/CMakeTmp/.' '-mlittle-endian' '-mabi=lp64' '-dumpdir' 'cmTC_bfd53.'
 /x-tools/aarch64-unknown-linux-gnu/bin/../libexec/gcc/aarch64-unknown-linux-gnu/14.2.0/collect2 -plugin /x-tools/aarch64-unknown-linux-gnu/bin/../libexec/gcc/aarch64-unknown-linux-gnu/14.2.0/liblto_plugin.so -plugin-opt=/x-tools/aarch64-unknown-linux-gnu/bin/../libexec/gcc/aarch64-unknown-linux-gnu/14.2.0/lto-wrapper -plugin-opt=-fresolution=/tmp/ccMJcM9v.res -plugin-opt=-pass-through=-lgcc -plugin-opt=-pass-through=-lgcc_s -plugin-opt=-pass-through=-lc -plugin-opt=-pass-through=-lgcc -plugin-opt=-pass-through=-lgcc_s --sysroot=/x-tools/aarch64-unknown-linux-gnu/aarch64-unknown-linux-gnu/sysroot --eh-frame-hdr -dynamic-linker /lib/ld-linux-aarch64.so.1 -X -EL -maarch64linux -o cmTC_bfd53 /x-tools/aarch64-unknown-linux-gnu/aarch64-unknown-linux-gnu/sysroot/usr/lib/../lib64/crt1.o /x-tools/aarch64-unknown-linux-gnu/aarch64-unknown-linux-gnu/sysroot/usr/lib/../lib64/crti.o /x-tools/aarch64-unknown-linux-gnu/bin/../lib/gcc/aarch64-unknown-linux-gnu/14.2.0/crtbegin.o -L/app/build/CMakeFiles/CMakeTmp/. -L/x-tools/aarch64-unknown-linux-gnu/bin/../lib/gcc/aarch64-unknown-linux-gnu/14.2.0 -L/x-tools/aarch64-unknown-linux-gnu/bin/../lib/gcc -L/x-tools/aarch64-unknown-linux-gnu/bin/../lib/gcc/aarch64-unknown-linux-gnu/14.2.0/../../../../aarch64-unknown-linux-gnu/lib/../lib64 -L/x-tools/aarch64-unknown-linux-gnu/aarch64-unknown-linux-gnu/sysroot/lib/../lib64 -L/x-tools/aarch64-unknown-linux-gnu/aarch64-unknown-linux-gnu/sysroot/usr/lib/../lib64 -L/x-tools/aarch64-unknown-linux-gnu/bin/../lib/gcc/aarch64-unknown-linux-gnu/14.2.0/../../../../aarch64-unknown-linux-gnu/lib -L/x-tools/aarch64-unknown-linux-gnu/aarch64-unknown-linux-gnu/sysroot/lib -L/x-tools/aarch64-unknown-linux-gnu/aarch64-unknown-linux-gnu/sysroot/usr/lib CMakeFiles/cmTC_bfd53.dir/CMakeCCompilerABI.c.o -lgcc --push-state --as-needed -lgcc_s --pop-state -lc -lgcc --push-state --as-needed -lgcc_s --pop-state /x-tools/aarch64-unknown-linux-gnu/bin/../lib/gcc/aarch64-unknown-linux-gnu/14.2.0/crtend.o /x-tools/aarch64-unknown-linux-gnu/aarch64-unknown-linux-gnu/sysroot/usr/lib/../lib64/crtn.o
COLLECT_GCC_OPTIONS='--sysroot=/x-tools/aarch64-unknown-linux-gnu/aarch64-unknown-linux-gnu/sysroot' '-v' '-o' 'cmTC_bfd53' '-L/app/build/CMakeFiles/CMakeTmp/.' '-mlittle-endian' '-mabi=lp64' '-dumpdir' 'cmTC_bfd53.'
gmake[1]: Leaving directory '/app/build/CMakeFiles/CMakeTmp'



Parsed C implicit include dir info from above output: rv=done
  found start of include info
  found start of implicit include info
    add: [/x-tools/aarch64-unknown-linux-gnu/bin/../lib/gcc/aarch64-unknown-linux-gnu/14.2.0/include]
    add: [/x-tools/aarch64-unknown-linux-gnu/bin/../lib/gcc/aarch64-unknown-linux-gnu/14.2.0/include-fixed]
    add: [/x-tools/aarch64-unknown-linux-gnu/bin/../lib/gcc/aarch64-unknown-linux-gnu/14.2.0/../../../../aarch64-unknown-linux-gnu/include]
    add: [/x-tools/aarch64-unknown-linux-gnu/aarch64-unknown-linux-gnu/sysroot/usr/include]
  end of search list found
  collapse include dir [/x-tools/aarch64-unknown-linux-gnu/bin/../lib/gcc/aarch64-unknown-linux-gnu/14.2.0/include] ==> [/x-tools/aarch64-unknown-linux-gnu/lib/gcc/aarch64-unknown-linux-gnu/14.2.0/include]
  collapse include dir [/x-tools/aarch64-unknown-linux-gnu/bin/../lib/gcc/aarch64-unknown-linux-gnu/14.2.0/include-fixed] ==> [/x-tools/aarch64-unknown-linux-gnu/lib/gcc/aarch64-unknown-linux-gnu/14.2.0/include-fixed]
  collapse include dir [/x-tools/aarch64-unknown-linux-gnu/bin/../lib/gcc/aarch64-unknown-linux-gnu/14.2.0/../../../../aarch64-unknown-linux-gnu/include] ==> [/x-tools/aarch64-unknown-linux-gnu/aarch64-unknown-linux-gnu/include]
  collapse include dir [/x-tools/aarch64-unknown-linux-gnu/aarch64-unknown-linux-gnu/sysroot/usr/include] ==> [/x-tools/aarch64-unknown-linux-gnu/aarch64-unknown-linux-gnu/sysroot/usr/include]
  implicit include dirs: [/x-tools/aarch64-unknown-linux-gnu/lib/gcc/aarch64-unknown-linux-gnu/14.2.0/include;/x-tools/aarch64-unknown-linux-gnu/lib/gcc/aarch64-unknown-linux-gnu/14.2.0/include-fixed;/x-tools/aarch64-unknown-linux-gnu/aarch64-unknown-linux-gnu/include;/x-tools/aarch64-unknown-linux-gnu/aarch64-unknown-linux-gnu/sysroot/usr/include]


Parsed C implicit link information from above output:
  link line regex: [^( *|.*[/\])(aarch64-unknown-linux-gnu-ld|CMAKE_LINK_STARTFILE-NOTFOUND|([^/\]+-)?ld|collect2)[^/\]*( |$)]
  ignore line: [Change Dir: /app/build/CMakeFiles/CMakeTmp]
  ignore line: []
  ignore line: [Run Build Command(s):/usr/bin/gmake -f Makefile cmTC_bfd53/fast && /usr/bin/gmake  -f CMakeFiles/cmTC_bfd53.dir/build.make CMakeFiles/cmTC_bfd53.dir/build]
  ignore line: [gmake[1]: Entering directory '/app/build/CMakeFiles/CMakeTmp']
  ignore line: [Building C object CMakeFiles/cmTC_bfd53.dir/CMakeCCompilerABI.c.o]
  ignore line: [/x-tools/aarch64-unknown-linux-gnu/bin/aarch64-unknown-linux-gnu-gcc --sysroot=/x-tools/aarch64-unknown-linux-gnu/aarch64-unknown-linux-gnu/sysroot -D_FILE_OFFSET_BITS=64 -D_LARGEFILE64_SOURCE -D_LARGEFILE_SOURCE  -v -o CMakeFiles/cmTC_bfd53.dir/CMakeCCompilerABI.c.o -c /usr/share/cmake-3.22/Modules/CMakeCCompilerABI.c]
  ignore line: [Using built-in specs.]
  ignore line: [COLLECT_GCC=/x-tools/aarch64-unknown-linux-gnu/bin/aarch64-unknown-linux-gnu-gcc]
  ignore line: [Target: aarch64-unknown-linux-gnu]
  ignore line: [Configured with: /home/ARM-Crosstool/crosstool-ng/.build/aarch64-unknown-linux-gnu/src/gcc/configure --build=x86_64-build_pc-linux-gnu --host=x86_64-build_pc-linux-gnu --target=aarch64-unknown-linux-gnu --prefix=/home/joey/x-tools/aarch64-unknown-linux-gnu --exec_prefix=/home/joey/x-tools/aarch64-unknown-linux-gnu --with-sysroot=/home/joey/x-tools/aarch64-unknown-linux-gnu/aarch64-unknown-linux-gnu/sysroot --enable-languages=c c++ --with-pkgversion='crosstool-NG 1.27.0' --enable-__cxa_atexit --disable-libmudflap --disable-libgomp --disable-libssp --disable-libquadmath --disable-libquadmath-support --disable-libsanitizer --disable-libmpx --with-gmp=/home/ARM-Crosstool/crosstool-ng/.build/aarch64-unknown-linux-gnu/buildtools --with-mpfr=/home/ARM-Crosstool/crosstool-ng/.build/aarch64-unknown-linux-gnu/buildtools --with-mpc=/home/ARM-Crosstool/crosstool-ng/.build/aarch64-unknown-linux-gnu/buildtools --with-isl=/home/ARM-Crosstool/crosstool-ng/.build/aarch64-unknown-linux-gnu/buildtools --enable-lto --enable-threads=posix --enable-target-optspace --disable-plugin --disable-nls --disable-multilib --with-local-prefix=/home/joey/x-tools/aarch64-unknown-linux-gnu/aarch64-unknown-linux-gnu/sysroot --enable-long-long]
  ignore line: [Thread model: posix]
  ignore line: [Supported LTO compression algorithms: zlib zstd]
  ignore line: [gcc version 14.2.0 (crosstool-NG 1.27.0) ]
  ignore line: [COLLECT_GCC_OPTIONS='--sysroot=/x-tools/aarch64-unknown-linux-gnu/aarch64-unknown-linux-gnu/sysroot' '-D' '_FILE_OFFSET_BITS=64' '-D' '_LARGEFILE64_SOURCE' '-D' '_LARGEFILE_SOURCE' '-v' '-o' 'CMakeFiles/cmTC_bfd53.dir/CMakeCCompilerABI.c.o' '-c' '-mlittle-endian' '-mabi=lp64' '-dumpdir' 'CMakeFiles/cmTC_bfd53.dir/']
  ignore line: [ /x-tools/aarch64-unknown-linux-gnu/bin/../libexec/gcc/aarch64-unknown-linux-gnu/14.2.0/cc1 -quiet -v -iprefix /x-tools/aarch64-unknown-linux-gnu/bin/../lib/gcc/aarch64-unknown-linux-gnu/14.2.0/ -isysroot /x-tools/aarch64-unknown-linux-gnu/aarch64-unknown-linux-gnu/sysroot -D _FILE_OFFSET_BITS=64 -D _LARGEFILE64_SOURCE -D _LARGEFILE_SOURCE /usr/share/cmake-3.22/Modules/CMakeCCompilerABI.c -quiet -dumpdir CMakeFiles/cmTC_bfd53.dir/ -dumpbase CMakeCCompilerABI.c.c -dumpbase-ext .c -mlittle-endian -mabi=lp64 -version -o /tmp/ccdyOPNH.s]
  ignore line: [GNU C17 (crosstool-NG 1.27.0) version 14.2.0 (aarch64-unknown-linux-gnu)]
  ignore line: [	compiled by GNU C version 11.4.0  GMP version 6.3.0  MPFR version 4.2.1  MPC version 1.3.1  isl version isl-0.26-GMP]
  ignore line: []
  ignore line: [GGC heuristics: --param ggc-min-expand=100 --param ggc-min-heapsize=131072]
  ignore line: [ignoring duplicate directory "/x-tools/aarch64-unknown-linux-gnu/bin/../lib/gcc/../../lib/gcc/aarch64-unknown-linux-gnu/14.2.0/include"]
  ignore line: [ignoring nonexistent directory "/x-tools/aarch64-unknown-linux-gnu/aarch64-unknown-linux-gnu/sysroot/home/joey/x-tools/aarch64-unknown-linux-gnu/aarch64-unknown-linux-gnu/sysroot/include"]
  ignore line: [ignoring duplicate directory "/x-tools/aarch64-unknown-linux-gnu/bin/../lib/gcc/../../lib/gcc/aarch64-unknown-linux-gnu/14.2.0/include-fixed"]
  ignore line: [ignoring duplicate directory "/x-tools/aarch64-unknown-linux-gnu/bin/../lib/gcc/../../lib/gcc/aarch64-unknown-linux-gnu/14.2.0/../../../../aarch64-unknown-linux-gnu/include"]
  ignore line: [#include "..." search starts here:]
  ignore line: [#include <...> search starts here:]
  ignore line: [ /x-tools/aarch64-unknown-linux-gnu/bin/../lib/gcc/aarch64-unknown-linux-gnu/14.2.0/include]
  ignore line: [ /x-tools/aarch64-unknown-linux-gnu/bin/../lib/gcc/aarch64-unknown-linux-gnu/14.2.0/include-fixed]
  ignore line: [ /x-tools/aarch64-unknown-linux-gnu/bin/../lib/gcc/aarch64-unknown-linux-gnu/14.2.0/../../../../aarch64-unknown-linux-gnu/include]
  ignore line: [ /x-tools/aarch64-unknown-linux-gnu/aarch64-unknown-linux-gnu/sysroot/usr/include]
  ignore line: [End of search list.]
  ignore line: [Compiler executable checksum: 0b2496194e8d2c7ddab634c009d89db0]
  ignore line: [COLLECT_GCC_OPTIONS='--sysroot=/x-tools/aarch64-unknown-linux-gnu/aarch64-unknown-linux-gnu/sysroot' '-D' '_FILE_OFFSET_BITS=64' '-D' '_LARGEFILE64_SOURCE' '-D' '_LARGEFILE_SOURCE' '-v' '-o' 'CMakeFiles/cmTC_bfd53.dir/CMakeCCompilerABI.c.o' '-c' '-mlittle-endian' '-mabi=lp64' '-dumpdir' 'CMakeFiles/cmTC_bfd53.dir/']
  ignore line: [ /x-tools/aarch64-unknown-linux-gnu/bin/../lib/gcc/aarch64-unknown-linux-gnu/14.2.0/../../../../aarch64-unknown-linux-gnu/bin/as -v -EL -mabi=lp64 -o CMakeFiles/cmTC_bfd53.dir/CMakeCCompilerABI.c.o /tmp/ccdyOPNH.s]
  ignore line: [GNU assembler version 2.43.1 (aarch64-unknown-linux-gnu) using BFD version (crosstool-NG 1.27.0) 2.43.1]
  ignore line: [COMPILER_PATH=/x-tools/aarch64-unknown-linux-gnu/bin/../libexec/gcc/aarch64-unknown-linux-gnu/14.2.0/:/x-tools/aarch64-unknown-linux-gnu/bin/../libexec/gcc/:/x-tools/aarch64-unknown-linux-gnu/bin/../lib/gcc/aarch64-unknown-linux-gnu/14.2.0/../../../../aarch64-unknown-linux-gnu/bin/]
  ignore line: [LIBRARY_PATH=/x-tools/aarch64-unknown-linux-gnu/bin/../lib/gcc/aarch64-unknown-linux-gnu/14.2.0/:/x-tools/aarch64-unknown-linux-gnu/bin/../lib/gcc/:/x-tools/aarch64-unknown-linux-gnu/bin/../lib/gcc/aarch64-unknown-linux-gnu/14.2.0/../../../../aarch64-unknown-linux-gnu/lib/../lib64/:/x-tools/aarch64-unknown-linux-gnu/aarch64-unknown-linux-gnu/sysroot/lib/../lib64/:/x-tools/aarch64-unknown-linux-gnu/aarch64-unknown-linux-gnu/sysroot/usr/lib/../lib64/:/x-tools/aarch64-unknown-linux-gnu/bin/../lib/gcc/aarch64-unknown-linux-gnu/14.2.0/../../../../aarch64-unknown-linux-gnu/lib/:/x-tools/aarch64-unknown-linux-gnu/aarch64-unknown-linux-gnu/sysroot/lib/:/x-tools/aarch64-unknown-linux-gnu/aarch64-unknown-linux-gnu/sysroot/usr/lib/]
  ignore line: [COLLECT_GCC_OPTIONS='--sysroot=/x-tools/aarch64-unknown-linux-gnu/aarch64-unknown-linux-gnu/sysroot' '-D' '_FILE_OFFSET_BITS=64' '-D' '_LARGEFILE64_SOURCE' '-D' '_LARGEFILE_SOURCE' '-v' '-o' 'CMakeFiles/cmTC_bfd53.dir/CMakeCCompilerABI.c.o' '-c' '-mlittle-endian' '-mabi=lp64' '-dumpdir' 'CMakeFiles/cmTC_bfd53.dir/CMakeCCompilerABI.c.']
  ignore line: [Linking C executable cmTC_bfd53]
  ignore line: [/usr/bin/cmake -E cmake_link_script CMakeFiles/cmTC_bfd53.dir/link.txt --verbose=1]
  ignore line: [/x-tools/aarch64-unknown-linux-gnu/bin/aarch64-unknown-linux-gnu-gcc --sysroot=/x-tools/aarch64-unknown-linux-gnu/aarch64-unknown-linux-gnu/sysroot  -v CMakeFiles/cmTC_bfd53.dir/CMakeCCompilerABI.c.o -o cmTC_bfd53   -L/app/build/CMakeFiles/CMakeTmp/. ]
  ignore line: [Using built-in specs.]
  ignore line: [COLLECT_GCC=/x-tools/aarch64-unknown-linux-gnu/bin/aarch64-unknown-linux-gnu-gcc]
  ignore line: [COLLECT_LTO_WRAPPER=/x-tools/aarch64-unknown-linux-gnu/bin/../libexec/gcc/aarch64-unknown-linux-gnu/14.2.0/lto-wrapper]
  ignore line: [Target: aarch64-unknown-linux-gnu]
  ignore line: [Configured with: /home/ARM-Crosstool/crosstool-ng/.build/aarch64-unknown-linux-gnu/src/gcc/configure --build=x86_64-build_pc-linux-gnu --host=x86_64-build_pc-linux-gnu --target=aarch64-unknown-linux-gnu --prefix=/home/joey/x-tools/aarch64-unknown-linux-gnu --exec_prefix=/home/joey/x-tools/aarch64-unknown-linux-gnu --with-sysroot=/home/joey/x-tools/aarch64-unknown-linux-gnu/aarch64-unknown-linux-gnu/sysroot --enable-languages=c c++ --with-pkgversion='crosstool-NG 1.27.0' --enable-__cxa_atexit --disable-libmudflap --disable-libgomp --disable-libssp --disable-libquadmath --disable-libquadmath-support --disable-libsanitizer --disable-libmpx --with-gmp=/home/ARM-Crosstool/crosstool-ng/.build/aarch64-unknown-linux-gnu/buildtools --with-mpfr=/home/ARM-Crosstool/crosstool-ng/.build/aarch64-unknown-linux-gnu/buildtools --with-mpc=/home/ARM-Crosstool/crosstool-ng/.build/aarch64-unknown-linux-gnu/buildtools --with-isl=/home/ARM-Crosstool/crosstool-ng/.build/aarch64-unknown-linux-gnu/buildtools --enable-lto --enable-threads=posix --enable-target-optspace --disable-plugin --disable-nls --disable-multilib --with-local-prefix=/home/joey/x-tools/aarch64-unknown-linux-gnu/aarch64-unknown-linux-gnu/sysroot --enable-long-long]
  ignore line: [Thread model: posix]
  ignore line: [Supported LTO compression algorithms: zlib zstd]
  ignore line: [gcc version 14.2.0 (crosstool-NG 1.27.0) ]
  ignore line: [COMPILER_PATH=/x-tools/aarch64-unknown-linux-gnu/bin/../libexec/gcc/aarch64-unknown-linux-gnu/14.2.0/:/x-tools/aarch64-unknown-linux-gnu/bin/../libexec/gcc/:/x-tools/aarch64-unknown-linux-gnu/bin/../lib/gcc/aarch64-unknown-linux-gnu/14.2.0/../../../../aarch64-unknown-linux-gnu/bin/]
  ignore line: [LIBRARY_PATH=/x-tools/aarch64-unknown-linux-gnu/bin/../lib/gcc/aarch64-unknown-linux-gnu/14.2.0/:/x-tools/aarch64-unknown-linux-gnu/bin/../lib/gcc/:/x-tools/aarch64-unknown-linux-gnu/bin/../lib/gcc/aarch64-unknown-linux-gnu/14.2.0/../../../../aarch64-unknown-linux-gnu/lib/../lib64/:/x-tools/aarch64-unknown-linux-gnu/aarch64-unknown-linux-gnu/sysroot/lib/../lib64/:/x-tools/aarch64-unknown-linux-gnu/aarch64-unknown-linux-gnu/sysroot/usr/lib/../lib64/:/x-tools/aarch64-unknown-linux-gnu/bin/../lib/gcc/aarch64-unknown-linux-gnu/14.2.0/../../../../aarch64-unknown-linux-gnu/lib/:/x-tools/aarch64-unknown-linux-gnu/aarch64-unknown-linux-gnu/sysroot/lib/:/x-tools/aarch64-unknown-linux-gnu/aarch64-unknown-linux-gnu/sysroot/usr/lib/]
  ignore line: [COLLECT_GCC_OPTIONS='--sysroot=/x-tools/aarch64-unknown-linux-gnu/aarch64-unknown-linux-gnu/sysroot' '-v' '-o' 'cmTC_bfd53' '-L/app/build/CMakeFiles/CMakeTmp/.' '-mlittle-endian' '-mabi=lp64' '-dumpdir' 'cmTC_bfd53.']
  link line: [ /x-tools/aarch64-unknown-linux-gnu/bin/../libexec/gcc/aarch64-unknown-linux-gnu/14.2.0/collect2 -plugin /x-tools/aarch64-unknown-linux-gnu/bin/../libexec/gcc/aarch64-unknown-linux-gnu/14.2.0/liblto_plugin.so -plugin-opt=/x-tools/aarch64-unknown-linux-gnu/bin/../libexec/gcc/aarch64-unknown-linux-gnu/14.2.0/lto-wrapper -plugin-opt=-fresolution=/tmp/ccMJcM9v.res -plugin-opt=-pass-through=-lgcc -plugin-opt=-pass-through=-lgcc_s -plugin-opt=-pass-through=-lc -plugin-opt=-pass-through=-lgcc -plugin-opt=-pass-through=-lgcc_s --sysroot=/x-tools/aarch64-unknown-linux-gnu/aarch64-unknown-linux-gnu/sysroot --eh-frame-hdr -dynamic-linker /lib/ld-linux-aarch64.so.1 -X -EL -maarch64linux -o cmTC_bfd53 /x-tools/aarch64-unknown-linux-gnu/aarch64-unknown-linux-gnu/sysroot/usr/lib/../lib64/crt1.o /x-tools/aarch64-unknown-linux-gnu/aarch64-unknown-linux-gnu/sysroot/usr/lib/../lib64/crti.o /x-tools/aarch64-unknown-linux-gnu/bin/../lib/gcc/aarch64-unknown-linux-gnu/14.2.0/crtbegin.o -L/app/build/CMakeFiles/CMakeTmp/. -L/x-tools/aarch64-unknown-linux-gnu/bin/../lib/gcc/aarch64-unknown-linux-gnu/14.2.0 -L/x-tools/aarch64-unknown-linux-gnu/bin/../lib/gcc -L/x-tools/aarch64-unknown-linux-gnu/bin/../lib/gcc/aarch64-unknown-linux-gnu/14.2.0/../../../../aarch64-unknown-linux-gnu/lib/../lib64 -L/x-tools/aarch64-unknown-linux-gnu/aarch64-unknown-linux-gnu/sysroot/lib/../lib64 -L/x-tools/aarch64-unknown-linux-gnu/aarch64-unknown-linux-gnu/sysroot/usr/lib/../lib64 -L/x-tools/aarch64-unknown-linux-gnu/bin/../lib/gcc/aarch64-unknown-linux-gnu/14.2.0/../../../../aarch64-unknown-linux-gnu/lib -L/x-tools/aarch64-unknown-linux-gnu/aarch64-unknown-linux-gnu/sysroot/lib -L/x-tools/aarch64-unknown-linux-gnu/aarch64-unknown-linux-gnu/sysroot/usr/lib CMakeFiles/cmTC_bfd53.dir/CMakeCCompilerABI.c.o -lgcc --push-state --as-needed -lgcc_s --pop-state -lc -lgcc --push-state --as-needed -lgcc_s --pop-state /x-tools/aarch64-unknown-linux-gnu/bin/../lib/gcc/aarch64-unknown-linux-gnu/14.2.0/crtend.o /x-tools/aarch64-unknown-linux-gnu/aarch64-unknown-linux-gnu/sysroot/usr/lib/../lib64/crtn.o]
    arg [/x-tools/aarch64-unknown-linux-gnu/bin/../libexec/gcc/aarch64-unknown-linux-gnu/14.2.0/collect2] ==> ignore
    arg [-plugin] ==> ignore
    arg [/x-tools/aarch64-unknown-linux-gnu/bin/../libexec/gcc/aarch64-unknown-linux-gnu/14.2.0/liblto_plugin.so] ==> ignore
    arg [-plugin-opt=/x-tools/aarch64-unknown-linux-gnu/bin/../libexec/gcc/aarch64-unknown-linux-gnu/14.2.0/lto-wrapper] ==> ignore
    arg [-plugin-opt=-fresolution=/tmp/ccMJcM9v.res] ==> ignore
    arg [-plugin-opt=-pass-through=-lgcc] ==> ignore
    arg [-plugin-opt=-pass-through=-lgcc_s] ==> ignore
    arg [-plugin-opt=-pass-through=-lc] ==> ignore
    arg [-plugin-opt=-pass-through=-lgcc] ==> ignore
    arg [-plugin-opt=-pass-through=-lgcc_s] ==> ignore
    arg [--sysroot=/x-tools/aarch64-unknown-linux-gnu/aarch64-unknown-linux-gnu/sysroot] ==> ignore
    arg [--eh-frame-hdr] ==> ignore
    arg [-dynamic-linker] ==> ignore
    arg [/lib/ld-linux-aarch64.so.1] ==> ignore
    arg [-X] ==> ignore
    arg [-EL] ==> ignore
    arg [-maarch64linux] ==> ignore
    arg [-o] ==> ignore
    arg [cmTC_bfd53] ==> ignore
    arg [/x-tools/aarch64-unknown-linux-gnu/aarch64-unknown-linux-gnu/sysroot/usr/lib/../lib64/crt1.o] ==> obj [/x-tools/aarch64-unknown-linux-gnu/aarch64-unknown-linux-gnu/sysroot/usr/lib/../lib64/crt1.o]
    arg [/x-tools/aarch64-unknown-linux-gnu/aarch64-unknown-linux-gnu/sysroot/usr/lib/../lib64/crti.o] ==> obj [/x-tools/aarch64-unknown-linux-gnu/aarch64-unknown-linux-gnu/sysroot/usr/lib/../lib64/crti.o]
    arg [/x-tools/aarch64-unknown-linux-gnu/bin/../lib/gcc/aarch64-unknown-linux-gnu/14.2.0/crtbegin.o] ==> obj [/x-tools/aarch64-unknown-linux-gnu/bin/../lib/gcc/aarch64-unknown-linux-gnu/14.2.0/crtbegin.o]
    arg [-L/app/build/CMakeFiles/CMakeTmp/.] ==> dir [/app/build/CMakeFiles/CMakeTmp/.]
    arg [-L/x-tools/aarch64-unknown-linux-gnu/bin/../lib/gcc/aarch64-unknown-linux-gnu/14.2.0] ==> dir [/x-tools/aarch64-unknown-linux-gnu/bin/../lib/gcc/aarch64-unknown-linux-gnu/14.2.0]
    arg [-L/x-tools/aarch64-unknown-linux-gnu/bin/../lib/gcc] ==> dir [/x-tools/aarch64-unknown-linux-gnu/bin/../lib/gcc]
    arg [-L/x-tools/aarch64-unknown-linux-gnu/bin/../lib/gcc/aarch64-unknown-linux-gnu/14.2.0/../../../../aarch64-unknown-linux-gnu/lib/../lib64] ==> dir [/x-tools/aarch64-unknown-linux-gnu/bin/../lib/gcc/aarch64-unknown-linux-gnu/14.2.0/../../../../aarch64-unknown-linux-gnu/lib/../lib64]
    arg [-L/x-tools/aarch64-unknown-linux-gnu/aarch64-unknown-linux-gnu/sysroot/lib/../lib64] ==> dir [/x-tools/aarch64-unknown-linux-gnu/aarch64-unknown-linux-gnu/sysroot/lib/../lib64]
    arg [-L/x-tools/aarch64-unknown-linux-gnu/aarch64-unknown-linux-gnu/sysroot/usr/lib/../lib64] ==> dir [/x-tools/aarch64-unknown-linux-gnu/aarch64-unknown-linux-gnu/sysroot/usr/lib/../lib64]
    arg [-L/x-tools/aarch64-unknown-linux-gnu/bin/../lib/gcc/aarch64-unknown-linux-gnu/14.2.0/../../../../aarch64-unknown-linux-gnu/lib] ==> dir [/x-tools/aarch64-unknown-linux-gnu/bin/../lib/gcc/aarch64-unknown-linux-gnu/14.2.0/../../../../aarch64-unknown-linux-gnu/lib]
    arg [-L/x-tools/aarch64-unknown-linux-gnu/aarch64-unknown-linux-gnu/sysroot/lib] ==> dir [/x-tools/aarch64-unknown-linux-gnu/aarch64-unknown-linux-gnu/sysroot/lib]
    arg [-L/x-tools/aarch64-unknown-linux-gnu/aarch64-unknown-linux-gnu/sysroot/usr/lib] ==> dir [/x-tools/aarch64-unknown-linux-gnu/aarch64-unknown-linux-gnu/sysroot/usr/lib]
    arg [CMakeFiles/cmTC_bfd53.dir/CMakeCCompilerABI.c.o] ==> ignore
    arg [-lgcc] ==> lib [gcc]
    arg [--push-state] ==> ignore
    arg [--as-needed] ==> ignore
    arg [-lgcc_s] ==> lib [gcc_s]
    arg [--pop-state] ==> ignore
    arg [-lc] ==> lib [c]
    arg [-lgcc] ==> lib [gcc]
    arg [--push-state] ==> ignore
    arg [--as-needed] ==> ignore
    arg [-lgcc_s] ==> lib [gcc_s]
    arg [--pop-state] ==> ignore
    arg [/x-tools/aarch64-unknown-linux-gnu/bin/../lib/gcc/aarch64-unknown-linux-gnu/14.2.0/crtend.o] ==> obj [/x-tools/aarch64-unknown-linux-gnu/bin/../lib/gcc/aarch64-unknown-linux-gnu/14.2.0/crtend.o]
    arg [/x-tools/aarch64-unknown-linux-gnu/aarch64-unknown-linux-gnu/sysroot/usr/lib/../lib64/crtn.o] ==> obj [/x-tools/aarch64-unknown-linux-gnu/aarch64-unknown-linux-gnu/sysroot/usr/lib/../lib64/crtn.o]
  collapse obj [/x-tools/aarch64-unknown-linux-gnu/aarch64-unknown-linux-gnu/sysroot/usr/lib/../lib64/crt1.o] ==> [/x-tools/aarch64-unknown-linux-gnu/aarch64-unknown-linux-gnu/sysroot/usr/lib64/crt1.o]
  collapse obj [/x-tools/aarch64-unknown-linux-gnu/aarch64-unknown-linux-gnu/sysroot/usr/lib/../lib64/crti.o] ==> [/x-tools/aarch64-unknown-linux-gnu/aarch64-unknown-linux-gnu/sysroot/usr/lib64/crti.o]
  collapse obj [/x-tools/aarch64-unknown-linux-gnu/bin/../lib/gcc/aarch64-unknown-linux-gnu/14.2.0/crtbegin.o] ==> [/x-tools/aarch64-unknown-linux-gnu/lib/gcc/aarch64-unknown-linux-gnu/14.2.0/crtbegin.o]
  collapse obj [/x-tools/aarch64-unknown-linux-gnu/bin/../lib/gcc/aarch64-unknown-linux-gnu/14.2.0/crtend.o] ==> [/x-tools/aarch64-unknown-linux-gnu/lib/gcc/aarch64-unknown-linux-gnu/14.2.0/crtend.o]
  collapse obj [/x-tools/aarch64-unknown-linux-gnu/aarch64-unknown-linux-gnu/sysroot/usr/lib/../lib64/crtn.o] ==> [/x-tools/aarch64-unknown-linux-gnu/aarch64-unknown-linux-gnu/sysroot/usr/lib64/crtn.o]
  collapse library dir [/app/build/CMakeFiles/CMakeTmp/.] ==> [/app/build/CMakeFiles/CMakeTmp], skipping non-system directory
  collapse library dir [/x-tools/aarch64-unknown-linux-gnu/bin/../lib/gcc/aarch64-unknown-linux-gnu/14.2.0] ==> [/x-tools/aarch64-unknown-linux-gnu/lib/gcc/aarch64-unknown-linux-gnu/14.2.0]
  collapse library dir [/x-tools/aarch64-unknown-linux-gnu/bin/../lib/gcc] ==> [/x-tools/aarch64-unknown-linux-gnu/lib/gcc]
  collapse library dir [/x-tools/aarch64-unknown-linux-gnu/bin/../lib/gcc/aarch64-unknown-linux-gnu/14.2.0/../../../../aarch64-unknown-linux-gnu/lib/../lib64] ==> [/x-tools/aarch64-unknown-linux-gnu/aarch64-unknown-linux-gnu/lib64]
  collapse library dir [/x-tools/aarch64-unknown-linux-gnu/aarch64-unknown-linux-gnu/sysroot/lib/../lib64] ==> [/x-tools/aarch64-unknown-linux-gnu/aarch64-unknown-linux-gnu/sysroot/lib64]
  collapse library dir [/x-tools/aarch64-unknown-linux-gnu/aarch64-unknown-linux-gnu/sysroot/usr/lib/../lib64] ==> [/x-tools/aarch64-unknown-linux-gnu/aarch64-unknown-linux-gnu/sysroot/usr/lib64]
  collapse library dir [/x-tools/aarch64-unknown-linux-gnu/bin/../lib/gcc/aarch64-unknown-linux-gnu/14.2.0/../../../../aarch64-unknown-linux-gnu/lib] ==> [/x-tools/aarch64-unknown-linux-gnu/aarch64-unknown-linux-gnu/lib]
  collapse library dir [/x-tools/aarch64-unknown-linux-gnu/aarch64-unknown-linux-gnu/sysroot/lib] ==> [/x-tools/aarch64-unknown-linux-gnu/aarch64-unknown-linux-gnu/sysroot/lib]
  collapse library dir [/x-tools/aarch64-unknown-linux-gnu/aarch64-unknown-linux-gnu/sysroot/usr/lib] ==> [/x-tools/aarch64-unknown-linux-gnu/aarch64-unknown-linux-gnu/sysroot/usr/lib]
  implicit libs: [gcc;gcc_s;c;gcc;gcc_s]
  implicit objs: [/x-tools/aarch64-unknown-linux-gnu/aarch64-unknown-linux-gnu/sysroot/usr/lib64/crt1.o;/x-tools/aarch64-unknown-linux-gnu/aarch64-unknown-linux-gnu/sysroot/usr/lib64/crti.o;/x-tools/aarch64-unknown-linux-gnu/lib/gcc/aarch64-unknown-linux-gnu/14.2.0/crtbegin.o;/x-tools/aarch64-unknown-linux-gnu/lib/gcc/aarch64-unknown-linux-gnu/14.2.0/crtend.o;/x-tools/aarch64-unknown-linux-gnu/aarch64-unknown-linux-gnu/sysroot/usr/lib64/crtn.o]
  implicit dirs: [/x-tools/aarch64-unknown-linux-gnu/lib/gcc/aarch64-unknown-linux-gnu/14.2.0;/x-tools/aarch64-unknown-linux-gnu/lib/gcc;/x-tools/aarch64-unknown-linux-gnu/aarch64-unknown-linux-gnu/lib64;/x-tools/aarch64-unknown-linux-gnu/aarch64-unknown-linux-gnu/sysroot/lib64;/x-tools/aarch64-unknown-linux-gnu/aarch64-unknown-linux-gnu/sysroot/usr/lib64;/x-tools/aarch64-unknown-linux-gnu/aarch64-unknown-linux-gnu/lib;/x-tools/aarch64-unknown-linux-gnu/aarch64-unknown-linux-gnu/sysroot/lib;/x-tools/aarch64-unknown-linux-gnu/aarch64-unknown-linux-gnu/sysroot/usr/lib]
  implicit fwks: []


Detecting CXX compiler ABI info compiled with the following output:
Change Dir: /app/build/CMakeFiles/CMakeTmp

Run Build Command(s):/usr/bin/gmake -f Makefile cmTC_2b758/fast && /usr/bin/gmake  -f CMakeFiles/cmTC_2b758.dir/build.make CMakeFiles/cmTC_2b758.dir/build
gmake[1]: Entering directory '/app/build/CMakeFiles/CMakeTmp'
Building CXX object CMakeFiles/cmTC_2b758.dir/CMakeCXXCompilerABI.cpp.o
/x-tools/aarch64-unknown-linux-gnu/bin/aarch64-unknown-linux-gnu-c++ --sysroot=/x-tools/aarch64-unknown-linux-gnu/aarch64-unknown-linux-gnu/sysroot -D_FILE_OFFSET_BITS=64 -D_LARGEFILE64_SOURCE -D_LARGEFILE_SOURCE  -v -o CMakeFiles/cmTC_2b758.dir/CMakeCXXCompilerABI.cpp.o -c /usr/share/cmake-3.22/Modules/CMakeCXXCompilerABI.cpp
Using built-in specs.
COLLECT_GCC=/x-tools/aarch64-unknown-linux-gnu/bin/aarch64-unknown-linux-gnu-c++
Target: aarch64-unknown-linux-gnu
Configured with: /home/ARM-Crosstool/crosstool-ng/.build/aarch64-unknown-linux-gnu/src/gcc/configure --build=x86_64-build_pc-linux-gnu --host=x86_64-build_pc-linux-gnu --target=aarch64-unknown-linux-gnu --prefix=/home/joey/x-tools/aarch64-unknown-linux-gnu --exec_prefix=/home/joey/x-tools/aarch64-unknown-linux-gnu --with-sysroot=/home/joey/x-tools/aarch64-unknown-linux-gnu/aarch64-unknown-linux-gnu/sysroot --enable-languages=c,c++ --with-pkgversion='crosstool-NG 1.27.0' --enable-__cxa_atexit --disable-libmudflap --disable-libgomp --disable-libssp --disable-libquadmath --disable-libquadmath-support --disable-libsanitizer --disable-libmpx --with-gmp=/home/ARM-Crosstool/crosstool-ng/.build/aarch64-unknown-linux-gnu/buildtools --with-mpfr=/home/ARM-Crosstool/crosstool-ng/.build/aarch64-unknown-linux-gnu/buildtools --with-mpc=/home/ARM-Crosstool/crosstool-ng/.build/aarch64-unknown-linux-gnu/buildtools --with-isl=/home/ARM-Crosstool/crosstool-ng/.build/aarch64-unknown-linux-gnu/buildtools --enable-lto --enable-threads=posix --enable-target-optspace --disable-plugin --disable-nls --disable-multilib --with-local-prefix=/home/joey/x-tools/aarch64-unknown-linux-gnu/aarch64-unknown-linux-gnu/sysroot --enable-long-long
Thread model: posix
Supported LTO compression algorithms: zlib zstd
gcc version 14.2.0 (crosstool-NG 1.27.0) 
COLLECT_GCC_OPTIONS='--sysroot=/x-tools/aarch64-unknown-linux-gnu/aarch64-unknown-linux-gnu/sysroot' '-D' '_FILE_OFFSET_BITS=64' '-D' '_LARGEFILE64_SOURCE' '-D' '_LARGEFILE_SOURCE' '-v' '-o' 'CMakeFiles/cmTC_2b758.dir/CMakeCXXCompilerABI.cpp.o' '-c' '-shared-libgcc' '-mlittle-endian' '-mabi=lp64' '-dumpdir' 'CMakeFiles/cmTC_2b758.dir/'
 /x-tools/aarch64-unknown-linux-gnu/bin/../libexec/gcc/aarch64-unknown-linux-gnu/14.2.0/cc1plus -quiet -v -iprefix /x-tools/aarch64-unknown-linux-gnu/bin/../lib/gcc/aarch64-unknown-linux-gnu/14.2.0/ -isysroot /x-tools/aarch64-unknown-linux-gnu/aarch64-unknown-linux-gnu/sysroot -D_GNU_SOURCE -D _FILE_OFFSET_BITS=64 -D _LARGEFILE64_SOURCE -D _LARGEFILE_SOURCE /usr/share/cmake-3.22/Modules/CMakeCXXCompilerABI.cpp -quiet -dumpdir CMakeFiles/cmTC_2b758.dir/ -dumpbase CMakeCXXCompilerABI.cpp.cpp -dumpbase-ext .cpp -mlittle-endian -mabi=lp64 -version -o /tmp/ccy56zyf.s
GNU C++17 (crosstool-NG 1.27.0) version 14.2.0 (aarch64-unknown-linux-gnu)
	compiled by GNU C version 11.4.0, GMP version 6.3.0, MPFR version 4.2.1, MPC version 1.3.1, isl version isl-0.26-GMP

GGC heuristics: --param ggc-min-expand=100 --param ggc-min-heapsize=131072
ignoring duplicate directory "/x-tools/aarch64-unknown-linux-gnu/bin/../lib/gcc/../../lib/gcc/aarch64-unknown-linux-gnu/14.2.0/../../../../aarch64-unknown-linux-gnu/include/c++/14.2.0"
ignoring duplicate directory "/x-tools/aarch64-unknown-linux-gnu/bin/../lib/gcc/../../lib/gcc/aarch64-unknown-linux-gnu/14.2.0/../../../../aarch64-unknown-linux-gnu/include/c++/14.2.0/aarch64-unknown-linux-gnu"
ignoring duplicate directory "/x-tools/aarch64-unknown-linux-gnu/bin/../lib/gcc/../../lib/gcc/aarch64-unknown-linux-gnu/14.2.0/../../../../aarch64-unknown-linux-gnu/include/c++/14.2.0/backward"
ignoring duplicate directory "/x-tools/aarch64-unknown-linux-gnu/bin/../lib/gcc/../../lib/gcc/aarch64-unknown-linux-gnu/14.2.0/include"
ignoring nonexistent directory "/x-tools/aarch64-unknown-linux-gnu/aarch64-unknown-linux-gnu/sysroot/home/joey/x-tools/aarch64-unknown-linux-gnu/aarch64-unknown-linux-gnu/sysroot/include"
ignoring duplicate directory "/x-tools/aarch64-unknown-linux-gnu/bin/../lib/gcc/../../lib/gcc/aarch64-unknown-linux-gnu/14.2.0/include-fixed"
ignoring duplicate directory "/x-tools/aarch64-unknown-linux-gnu/bin/../lib/gcc/../../lib/gcc/aarch64-unknown-linux-gnu/14.2.0/../../../../aarch64-unknown-linux-gnu/include"
#include "..." search starts here:
#include <...> search starts here:
 /x-tools/aarch64-unknown-linux-gnu/bin/../lib/gcc/aarch64-unknown-linux-gnu/14.2.0/../../../../aarch64-unknown-linux-gnu/include/c++/14.2.0
 /x-tools/aarch64-unknown-linux-gnu/bin/../lib/gcc/aarch64-unknown-linux-gnu/14.2.0/../../../../aarch64-unknown-linux-gnu/include/c++/14.2.0/aarch64-unknown-linux-gnu
 /x-tools/aarch64-unknown-linux-gnu/bin/../lib/gcc/aarch64-unknown-linux-gnu/14.2.0/../../../../aarch64-unknown-linux-gnu/include/c++/14.2.0/backward
 /x-tools/aarch64-unknown-linux-gnu/bin/../lib/gcc/aarch64-unknown-linux-gnu/14.2.0/include
 /x-tools/aarch64-unknown-linux-gnu/bin/../lib/gcc/aarch64-unknown-linux-gnu/14.2.0/include-fixed
 /x-tools/aarch64-unknown-linux-gnu/bin/../lib/gcc/aarch64-unknown-linux-gnu/14.2.0/../../../../aarch64-unknown-linux-gnu/include
 /x-tools/aarch64-unknown-linux-gnu/aarch64-unknown-linux-gnu/sysroot/usr/include
End of search list.
Compiler executable checksum: d012b7f98529dcf80f4f5bd17acd861e
COLLECT_GCC_OPTIONS='--sysroot=/x-tools/aarch64-unknown-linux-gnu/aarch64-unknown-linux-gnu/sysroot' '-D' '_FILE_OFFSET_BITS=64' '-D' '_LARGEFILE64_SOURCE' '-D' '_LARGEFILE_SOURCE' '-v' '-o' 'CMakeFiles/cmTC_2b758.dir/CMakeCXXCompilerABI.cpp.o' '-c' '-shared-libgcc' '-mlittle-endian' '-mabi=lp64' '-dumpdir' 'CMakeFiles/cmTC_2b758.dir/'
 /x-tools/aarch64-unknown-linux-gnu/bin/../lib/gcc/aarch64-unknown-linux-gnu/14.2.0/../../../../aarch64-unknown-linux-gnu/bin/as -v -EL -mabi=lp64 -o CMakeFiles/cmTC_2b758.dir/CMakeCXXCompilerABI.cpp.o /tmp/ccy56zyf.s
GNU assembler version 2.43.1 (aarch64-unknown-linux-gnu) using BFD version (crosstool-NG 1.27.0) 2.43.1
COMPILER_PATH=/x-tools/aarch64-unknown-linux-gnu/bin/../libexec/gcc/aarch64-unknown-linux-gnu/14.2.0/:/x-tools/aarch64-unknown-linux-gnu/bin/../libexec/gcc/:/x-tools/aarch64-unknown-linux-gnu/bin/../lib/gcc/aarch64-unknown-linux-gnu/14.2.0/../../../../aarch64-unknown-linux-gnu/bin/
LIBRARY_PATH=/x-tools/aarch64-unknown-linux-gnu/bin/../lib/gcc/aarch64-unknown-linux-gnu/14.2.0/:/x-tools/aarch64-unknown-linux-gnu/bin/../lib/gcc/:/x-tools/aarch64-unknown-linux-gnu/bin/../lib/gcc/aarch64-unknown-linux-gnu/14.2.0/../../../../aarch64-unknown-linux-gnu/lib/../lib64/:/x-tools/aarch64-unknown-linux-gnu/aarch64-unknown-linux-gnu/sysroot/lib/../lib64/:/x-tools/aarch64-unknown-linux-gnu/aarch64-unknown-linux-gnu/sysroot/usr/lib/../lib64/:/x-tools/aarch64-unknown-linux-gnu/bin/../lib/gcc/aarch64-unknown-linux-gnu/14.2.0/../../../../aarch64-unknown-linux-gnu/lib/:/x-tools/aarch64-unknown-linux-gnu/aarch64-unknown-linux-gnu/sysroot/lib/:/x-tools/aarch64-unknown-linux-gnu/aarch64-unknown-linux-gnu/sysroot/usr/lib/
COLLECT_GCC_OPTIONS='--sysroot=/x-tools/aarch64-unknown-linux-gnu/aarch64-unknown-linux-gnu/sysroot' '-D' '_FILE_OFFSET_BITS=64' '-D' '_LARGEFILE64_SOURCE' '-D' '_LARGEFILE_SOURCE' '-v' '-o' 'CMakeFiles/cmTC_2b758.dir/CMakeCXXCompilerABI.cpp.o' '-c' '-shared-libgcc' '-mlittle-endian' '-mabi=lp64' '-dumpdir' 'CMakeFiles/cmTC_2b758.dir/CMakeCXXCompilerABI.cpp.'
Linking CXX executable cmTC_2b758
/usr/bin/cmake -E cmake_link_script CMakeFiles/cmTC_2b758.dir/link.txt --verbose=1
/x-tools/aarch64-unknown-linux-gnu/bin/aarch64-unknown-linux-gnu-c++ --sysroot=/x-tools/aarch64-unknown-linux-gnu/aarch64-unknown-linux-gnu/sysroot  -v CMakeFiles/cmTC_2b758.dir/CMakeCXXCompilerABI.cpp.o -o cmTC_2b758   -L/app/build/CMakeFiles/CMakeTmp/. 
Using built-in specs.
COLLECT_GCC=/x-tools/aarch64-unknown-linux-gnu/bin/aarch64-unknown-linux-gnu-c++
COLLECT_LTO_WRAPPER=/x-tools/aarch64-unknown-linux-gnu/bin/../libexec/gcc/aarch64-unknown-linux-gnu/14.2.0/lto-wrapper
Target: aarch64-unknown-linux-gnu
Configured with: /home/ARM-Crosstool/crosstool-ng/.build/aarch64-unknown-linux-gnu/src/gcc/configure --build=x86_64-build_pc-linux-gnu --host=x86_64-build_pc-linux-gnu --target=aarch64-unknown-linux-gnu --prefix=/home/joey/x-tools/aarch64-unknown-linux-gnu --exec_prefix=/home/joey/x-tools/aarch64-unknown-linux-gnu --with-sysroot=/home/joey/x-tools/aarch64-unknown-linux-gnu/aarch64-unknown-linux-gnu/sysroot --enable-languages=c,c++ --with-pkgversion='crosstool-NG 1.27.0' --enable-__cxa_atexit --disable-libmudflap --disable-libgomp --disable-libssp --disable-libquadmath --disable-libquadmath-support --disable-libsanitizer --disable-libmpx --with-gmp=/home/ARM-Crosstool/crosstool-ng/.build/aarch64-unknown-linux-gnu/buildtools --with-mpfr=/home/ARM-Crosstool/crosstool-ng/.build/aarch64-unknown-linux-gnu/buildtools --with-mpc=/home/ARM-Crosstool/crosstool-ng/.build/aarch64-unknown-linux-gnu/buildtools --with-isl=/home/ARM-Crosstool/crosstool-ng/.build/aarch64-unknown-linux-gnu/buildtools --enable-lto --enable-threads=posix --enable-target-optspace --disable-plugin --disable-nls --disable-multilib --with-local-prefix=/home/joey/x-tools/aarch64-unknown-linux-gnu/aarch64-unknown-linux-gnu/sysroot --enable-long-long
Thread model: posix
Supported LTO compression algorithms: zlib zstd
gcc version 14.2.0 (crosstool-NG 1.27.0) 
COMPILER_PATH=/x-tools/aarch64-unknown-linux-gnu/bin/../libexec/gcc/aarch64-unknown-linux-gnu/14.2.0/:/x-tools/aarch64-unknown-linux-gnu/bin/../libexec/gcc/:/x-tools/aarch64-unknown-linux-gnu/bin/../lib/gcc/aarch64-unknown-linux-gnu/14.2.0/../../../../aarch64-unknown-linux-gnu/bin/
LIBRARY_PATH=/x-tools/aarch64-unknown-linux-gnu/bin/../lib/gcc/aarch64-unknown-linux-gnu/14.2.0/:/x-tools/aarch64-unknown-linux-gnu/bin/../lib/gcc/:/x-tools/aarch64-unknown-linux-gnu/bin/../lib/gcc/aarch64-unknown-linux-gnu/14.2.0/../../../../aarch64-unknown-linux-gnu/lib/../lib64/:/x-tools/aarch64-unknown-linux-gnu/aarch64-unknown-linux-gnu/sysroot/lib/../lib64/:/x-tools/aarch64-unknown-linux-gnu/aarch64-unknown-linux-gnu/sysroot/usr/lib/../lib64/:/x-tools/aarch64-unknown-linux-gnu/bin/../lib/gcc/aarch64-unknown-linux-gnu/14.2.0/../../../../aarch64-unknown-linux-gnu/lib/:/x-tools/aarch64-unknown-linux-gnu/aarch64-unknown-linux-gnu/sysroot/lib/:/x-tools/aarch64-unknown-linux-gnu/aarch64-unknown-linux-gnu/sysroot/usr/lib/
COLLECT_GCC_OPTIONS='--sysroot=/x-tools/aarch64-unknown-linux-gnu/aarch64-unknown-linux-gnu/sysroot' '-v' '-o' 'cmTC_2b758' '-L/app/build/CMakeFiles/CMakeTmp/.' '-shared-libgcc' '-mlittle-endian' '-mabi=lp64' '-dumpdir' 'cmTC_2b758.'
 /x-tools/aarch64-unknown-linux-gnu/bin/../libexec/gcc/aarch64-unknown-linux-gnu/14.2.0/collect2 -plugin /x-tools/aarch64-unknown-linux-gnu/bin/../libexec/gcc/aarch64-unknown-linux-gnu/14.2.0/liblto_plugin.so -plugin-opt=/x-tools/aarch64-unknown-linux-gnu/bin/../libexec/gcc/aarch64-unknown-linux-gnu/14.2.0/lto-wrapper -plugin-opt=-fresolution=/tmp/ccpGHle8.res -plugin-opt=-pass-through=-lgcc_s -plugin-opt=-pass-through=-lgcc -plugin-opt=-pass-through=-lc -plugin-opt=-pass-through=-lgcc_s -plugin-opt=-pass-through=-lgcc --sysroot=/x-tools/aarch64-unknown-linux-gnu/aarch64-unknown-linux-gnu/sysroot --eh-frame-hdr -dynamic-linker /lib/ld-linux-aarch64.so.1 -X -EL -maarch64linux -o cmTC_2b758 /x-tools/aarch64-unknown-linux-gnu/aarch64-unknown-linux-gnu/sysroot/usr/lib/../lib64/crt1.o /x-tools/aarch64-unknown-linux-gnu/aarch64-unknown-linux-gnu/sysroot/usr/lib/../lib64/crti.o /x-tools/aarch64-unknown-linux-gnu/bin/../lib/gcc/aarch64-unknown-linux-gnu/14.2.0/crtbegin.o -L/app/build/CMakeFiles/CMakeTmp/. -L/x-tools/aarch64-unknown-linux-gnu/bin/../lib/gcc/aarch64-unknown-linux-gnu/14.2.0 -L/x-tools/aarch64-unknown-linux-gnu/bin/../lib/gcc -L/x-tools/aarch64-unknown-linux-gnu/bin/../lib/gcc/aarch64-unknown-linux-gnu/14.2.0/../../../../aarch64-unknown-linux-gnu/lib/../lib64 -L/x-tools/aarch64-unknown-linux-gnu/aarch64-unknown-linux-gnu/sysroot/lib/../lib64 -L/x-tools/aarch64-unknown-linux-gnu/aarch64-unknown-linux-gnu/sysroot/usr/lib/../lib64 -L/x-tools/aarch64-unknown-linux-gnu/bin/../lib/gcc/aarch64-unknown-linux-gnu/14.2.0/../../../../aarch64-unknown-linux-gnu/lib -L/x-tools/aarch64-unknown-linux-gnu/aarch64-unknown-linux-gnu/sysroot/lib -L/x-tools/aarch64-unknown-linux-gnu/aarch64-unknown-linux-gnu/sysroot/usr/lib CMakeFiles/cmTC_2b758.dir/CMakeCXXCompilerABI.cpp.o -lstdc++ -lm -lgcc_s -lgcc -lc -lgcc_s -lgcc /x-tools/aarch64-unknown-linux-gnu/bin/../lib/gcc/aarch64-unknown-linux-gnu/14.2.0/crtend.o /x-tools/aarch64-unknown-linux-gnu/aarch64-unknown-linux-gnu/sysroot/usr/lib/../lib64/crtn.o
COLLECT_GCC_OPTIONS='--sysroot=/x-tools/aarch64-unknown-linux-gnu/aarch64-unknown-linux-gnu/sysroot' '-v' '-o' 'cmTC_2b758' '-L/app/build/CMakeFiles/CMakeTmp/.' '-shared-libgcc' '-mlittle-endian' '-mabi=lp64' '-dumpdir' 'cmTC_2b758.'
gmake[1]: Leaving directory '/app/build/CMakeFiles/CMakeTmp'



Parsed CXX implicit include dir info from above output: rv=done
  found start of include info
  found start of implicit include info
    add: [/x-tools/aarch64-unknown-linux-gnu/bin/../lib/gcc/aarch64-unknown-linux-gnu/14.2.0/../../../../aarch64-unknown-linux-gnu/include/c++/14.2.0]
    add: [/x-tools/aarch64-unknown-linux-gnu/bin/../lib/gcc/aarch64-unknown-linux-gnu/14.2.0/../../../../aarch64-unknown-linux-gnu/include/c++/14.2.0/aarch64-unknown-linux-gnu]
    add: [/x-tools/aarch64-unknown-linux-gnu/bin/../lib/gcc/aarch64-unknown-linux-gnu/14.2.0/../../../../aarch64-unknown-linux-gnu/include/c++/14.2.0/backward]
    add: [/x-tools/aarch64-unknown-linux-gnu/bin/../lib/gcc/aarch64-unknown-linux-gnu/14.2.0/include]
    add: [/x-tools/aarch64-unknown-linux-gnu/bin/../lib/gcc/aarch64-unknown-linux-gnu/14.2.0/include-fixed]
    add: [/x-tools/aarch64-unknown-linux-gnu/bin/../lib/gcc/aarch64-unknown-linux-gnu/14.2.0/../../../../aarch64-unknown-linux-gnu/include]
    add: [/x-tools/aarch64-unknown-linux-gnu/aarch64-unknown-linux-gnu/sysroot/usr/include]
  end of search list found
  collapse include dir [/x-tools/aarch64-unknown-linux-gnu/bin/../lib/gcc/aarch64-unknown-linux-gnu/14.2.0/../../../../aarch64-unknown-linux-gnu/include/c++/14.2.0] ==> [/x-tools/aarch64-unknown-linux-gnu/aarch64-unknown-linux-gnu/include/c++/14.2.0]
  collapse include dir [/x-tools/aarch64-unknown-linux-gnu/bin/../lib/gcc/aarch64-unknown-linux-gnu/14.2.0/../../../../aarch64-unknown-linux-gnu/include/c++/14.2.0/aarch64-unknown-linux-gnu] ==> [/x-tools/aarch64-unknown-linux-gnu/aarch64-unknown-linux-gnu/include/c++/14.2.0/aarch64-unknown-linux-gnu]
  collapse include dir [/x-tools/aarch64-unknown-linux-gnu/bin/../lib/gcc/aarch64-unknown-linux-gnu/14.2.0/../../../../aarch64-unknown-linux-gnu/include/c++/14.2.0/backward] ==> [/x-tools/aarch64-unknown-linux-gnu/aarch64-unknown-linux-gnu/include/c++/14.2.0/backward]
  collapse include dir [/x-tools/aarch64-unknown-linux-gnu/bin/../lib/gcc/aarch64-unknown-linux-gnu/14.2.0/include] ==> [/x-tools/aarch64-unknown-linux-gnu/lib/gcc/aarch64-unknown-linux-gnu/14.2.0/include]
  collapse include dir [/x-tools/aarch64-unknown-linux-gnu/bin/../lib/gcc/aarch64-unknown-linux-gnu/14.2.0/include-fixed] ==> [/x-tools/aarch64-unknown-linux-gnu/lib/gcc/aarch64-unknown-linux-gnu/14.2.0/include-fixed]
  collapse include dir [/x-tools/aarch64-unknown-linux-gnu/bin/../lib/gcc/aarch64-unknown-linux-gnu/14.2.0/../../../../aarch64-unknown-linux-gnu/include] ==> [/x-tools/aarch64-unknown-linux-gnu/aarch64-unknown-linux-gnu/include]
  collapse include dir [/x-tools/aarch64-unknown-linux-gnu/aarch64-unknown-linux-gnu/sysroot/usr/include] ==> [/x-tools/aarch64-unknown-linux-gnu/aarch64-unknown-linux-gnu/sysroot/usr/include]
  implicit include dirs: [/x-tools/aarch64-unknown-linux-gnu/aarch64-unknown-linux-gnu/include/c++/14.2.0;/x-tools/aarch64-unknown-linux-gnu/aarch64-unknown-linux-gnu/include/c++/14.2.0/aarch64-unknown-linux-gnu;/x-tools/aarch64-unknown-linux-gnu/aarch64-unknown-linux-gnu/include/c++/14.2.0/backward;/x-tools/aarch64-unknown-linux-gnu/lib/gcc/aarch64-unknown-linux-gnu/14.2.0/include;/x-tools/aarch64-unknown-linux-gnu/lib/gcc/aarch64-unknown-linux-gnu/14.2.0/include-fixed;/x-tools/aarch64-unknown-linux-gnu/aarch64-unknown-linux-gnu/include;/x-tools/aarch64-unknown-linux-gnu/aarch64-unknown-linux-gnu/sysroot/usr/include]


Parsed CXX implicit link information from above output:
  link line regex: [^( *|.*[/\])(aarch64-unknown-linux-gnu-ld|CMAKE_LINK_STARTFILE-NOTFOUND|([^/\]+-)?ld|collect2)[^/\]*( |$)]
  ignore line: [Change Dir: /app/build/CMakeFiles/CMakeTmp]
  ignore line: []
  ignore line: [Run Build Command(s):/usr/bin/gmake -f Makefile cmTC_2b758/fast && /usr/bin/gmake  -f CMakeFiles/cmTC_2b758.dir/build.make CMakeFiles/cmTC_2b758.dir/build]
  ignore line: [gmake[1]: Entering directory '/app/build/CMakeFiles/CMakeTmp']
  ignore line: [Building CXX object CMakeFiles/cmTC_2b758.dir/CMakeCXXCompilerABI.cpp.o]
  ignore line: [/x-tools/aarch64-unknown-linux-gnu/bin/aarch64-unknown-linux-gnu-c++ --sysroot=/x-tools/aarch64-unknown-linux-gnu/aarch64-unknown-linux-gnu/sysroot -D_FILE_OFFSET_BITS=64 -D_LARGEFILE64_SOURCE -D_LARGEFILE_SOURCE  -v -o CMakeFiles/cmTC_2b758.dir/CMakeCXXCompilerABI.cpp.o -c /usr/share/cmake-3.22/Modules/CMakeCXXCompilerABI.cpp]
  ignore line: [Using built-in specs.]
  ignore line: [COLLECT_GCC=/x-tools/aarch64-unknown-linux-gnu/bin/aarch64-unknown-linux-gnu-c++]
  ignore line: [Target: aarch64-unknown-linux-gnu]
  ignore line: [Configured with: /home/ARM-Crosstool/crosstool-ng/.build/aarch64-unknown-linux-gnu/src/gcc/configure --build=x86_64-build_pc-linux-gnu --host=x86_64-build_pc-linux-gnu --target=aarch64-unknown-linux-gnu --prefix=/home/joey/x-tools/aarch64-unknown-linux-gnu --exec_prefix=/home/joey/x-tools/aarch64-unknown-linux-gnu --with-sysroot=/home/joey/x-tools/aarch64-unknown-linux-gnu/aarch64-unknown-linux-gnu/sysroot --enable-languages=c c++ --with-pkgversion='crosstool-NG 1.27.0' --enable-__cxa_atexit --disable-libmudflap --disable-libgomp --disable-libssp --disable-libquadmath --disable-libquadmath-support --disable-libsanitizer --disable-libmpx --with-gmp=/home/ARM-Crosstool/crosstool-ng/.build/aarch64-unknown-linux-gnu/buildtools --with-mpfr=/home/ARM-Crosstool/crosstool-ng/.build/aarch64-unknown-linux-gnu/buildtools --with-mpc=/home/ARM-Crosstool/crosstool-ng/.build/aarch64-unknown-linux-gnu/buildtools --with-isl=/home/ARM-Crosstool/crosstool-ng/.build/aarch64-unknown-linux-gnu/buildtools --enable-lto --enable-threads=posix --enable-target-optspace --disable-plugin --disable-nls --disable-multilib --with-local-prefix=/home/joey/x-tools/aarch64-unknown-linux-gnu/aarch64-unknown-linux-gnu/sysroot --enable-long-long]
  ignore line: [Thread model: posix]
  ignore line: [Supported LTO compression algorithms: zlib zstd]
  ignore line: [gcc version 14.2.0 (crosstool-NG 1.27.0) ]
  ignore line: [COLLECT_GCC_OPTIONS='--sysroot=/x-tools/aarch64-unknown-linux-gnu/aarch64-unknown-linux-gnu/sysroot' '-D' '_FILE_OFFSET_BITS=64' '-D' '_LARGEFILE64_SOURCE' '-D' '_LARGEFILE_SOURCE' '-v' '-o' 'CMakeFiles/cmTC_2b758.dir/CMakeCXXCompilerABI.cpp.o' '-c' '-shared-libgcc' '-mlittle-endian' '-mabi=lp64' '-dumpdir' 'CMakeFiles/cmTC_2b758.dir/']
  ignore line: [ /x-tools/aarch64-unknown-linux-gnu/bin/../libexec/gcc/aarch64-unknown-linux-gnu/14.2.0/cc1plus -quiet -v -iprefix /x-tools/aarch64-unknown-linux-gnu/bin/../lib/gcc/aarch64-unknown-linux-gnu/14.2.0/ -isysroot /x-tools/aarch64-unknown-linux-gnu/aarch64-unknown-linux-gnu/sysroot -D_GNU_SOURCE -D _FILE_OFFSET_BITS=64 -D _LARGEFILE64_SOURCE -D _LARGEFILE_SOURCE /usr/share/cmake-3.22/Modules/CMakeCXXCompilerABI.cpp -quiet -dumpdir CMakeFiles/cmTC_2b758.dir/ -dumpbase CMakeCXXCompilerABI.cpp.cpp -dumpbase-ext .cpp -mlittle-endian -mabi=lp64 -version -o /tmp/ccy56zyf.s]
  ignore line: [GNU C++17 (crosstool-NG 1.27.0) version 14.2.0 (aarch64-unknown-linux-gnu)]
  ignore line: [	compiled by GNU C version 11.4.0  GMP version 6.3.0  MPFR version 4.2.1  MPC version 1.3.1  isl version isl-0.26-GMP]
  ignore line: []
  ignore line: [GGC heuristics: --param ggc-min-expand=100 --param ggc-min-heapsize=131072]
  ignore line: [ignoring duplicate directory "/x-tools/aarch64-unknown-linux-gnu/bin/../lib/gcc/../../lib/gcc/aarch64-unknown-linux-gnu/14.2.0/../../../../aarch64-unknown-linux-gnu/include/c++/14.2.0"]
  ignore line: [ignoring duplicate directory "/x-tools/aarch64-unknown-linux-gnu/bin/../lib/gcc/../../lib/gcc/aarch64-unknown-linux-gnu/14.2.0/../../../../aarch64-unknown-linux-gnu/include/c++/14.2.0/aarch64-unknown-linux-gnu"]
  ignore line: [ignoring duplicate directory "/x-tools/aarch64-unknown-linux-gnu/bin/../lib/gcc/../../lib/gcc/aarch64-unknown-linux-gnu/14.2.0/../../../../aarch64-unknown-linux-gnu/include/c++/14.2.0/backward"]
  ignore line: [ignoring duplicate directory "/x-tools/aarch64-unknown-linux-gnu/bin/../lib/gcc/../../lib/gcc/aarch64-unknown-linux-gnu/14.2.0/include"]
  ignore line: [ignoring nonexistent directory "/x-tools/aarch64-unknown-linux-gnu/aarch64-unknown-linux-gnu/sysroot/home/joey/x-tools/aarch64-unknown-linux-gnu/aarch64-unknown-linux-gnu/sysroot/include"]
  ignore line: [ignoring duplicate directory "/x-tools/aarch64-unknown-linux-gnu/bin/../lib/gcc/../../lib/gcc/aarch64-unknown-linux-gnu/14.2.0/include-fixed"]
  ignore line: [ignoring duplicate directory "/x-tools/aarch64-unknown-linux-gnu/bin/../lib/gcc/../../lib/gcc/aarch64-unknown-linux-gnu/14.2.0/../../../../aarch64-unknown-linux-gnu/include"]
  ignore line: [#include "..." search starts here:]
  ignore line: [#include <...> search starts here:]
  ignore line: [ /x-tools/aarch64-unknown-linux-gnu/bin/../lib/gcc/aarch64-unknown-linux-gnu/14.2.0/../../../../aarch64-unknown-linux-gnu/include/c++/14.2.0]
  ignore line: [ /x-tools/aarch64-unknown-linux-gnu/bin/../lib/gcc/aarch64-unknown-linux-gnu/14.2.0/../../../../aarch64-unknown-linux-gnu/include/c++/14.2.0/aarch64-unknown-linux-gnu]
  ignore line: [ /x-tools/aarch64-unknown-linux-gnu/bin/../lib/gcc/aarch64-unknown-linux-gnu/14.2.0/../../../../aarch64-unknown-linux-gnu/include/c++/14.2.0/backward]
  ignore line: [ /x-tools/aarch64-unknown-linux-gnu/bin/../lib/gcc/aarch64-unknown-linux-gnu/14.2.0/include]
  ignore line: [ /x-tools/aarch64-unknown-linux-gnu/bin/../lib/gcc/aarch64-unknown-linux-gnu/14.2.0/include-fixed]
  ignore line: [ /x-tools/aarch64-unknown-linux-gnu/bin/../lib/gcc/aarch64-unknown-linux-gnu/14.2.0/../../../../aarch64-unknown-linux-gnu/include]
  ignore line: [ /x-tools/aarch64-unknown-linux-gnu/aarch64-unknown-linux-gnu/sysroot/usr/include]
  ignore line: [End of search list.]
  ignore line: [Compiler executable checksum: d012b7f98529dcf80f4f5bd17acd861e]
  ignore line: [COLLECT_GCC_OPTIONS='--sysroot=/x-tools/aarch64-unknown-linux-gnu/aarch64-unknown-linux-gnu/sysroot' '-D' '_FILE_OFFSET_BITS=64' '-D' '_LARGEFILE64_SOURCE' '-D' '_LARGEFILE_SOURCE' '-v' '-o' 'CMakeFiles/cmTC_2b758.dir/CMakeCXXCompilerABI.cpp.o' '-c' '-shared-libgcc' '-mlittle-endian' '-mabi=lp64' '-dumpdir' 'CMakeFiles/cmTC_2b758.dir/']
  ignore line: [ /x-tools/aarch64-unknown-linux-gnu/bin/../lib/gcc/aarch64-unknown-linux-gnu/14.2.0/../../../../aarch64-unknown-linux-gnu/bin/as -v -EL -mabi=lp64 -o CMakeFiles/cmTC_2b758.dir/CMakeCXXCompilerABI.cpp.o /tmp/ccy56zyf.s]
  ignore line: [GNU assembler version 2.43.1 (aarch64-unknown-linux-gnu) using BFD version (crosstool-NG 1.27.0) 2.43.1]
  ignore line: [COMPILER_PATH=/x-tools/aarch64-unknown-linux-gnu/bin/../libexec/gcc/aarch64-unknown-linux-gnu/14.2.0/:/x-tools/aarch64-unknown-linux-gnu/bin/../libexec/gcc/:/x-tools/aarch64-unknown-linux-gnu/bin/../lib/gcc/aarch64-unknown-linux-gnu/14.2.0/../../../../aarch64-unknown-linux-gnu/bin/]
  ignore line: [LIBRARY_PATH=/x-tools/aarch64-unknown-linux-gnu/bin/../lib/gcc/aarch64-unknown-linux-gnu/14.2.0/:/x-tools/aarch64-unknown-linux-gnu/bin/../lib/gcc/:/x-tools/aarch64-unknown-linux-gnu/bin/../lib/gcc/aarch64-unknown-linux-gnu/14.2.0/../../../../aarch64-unknown-linux-gnu/lib/../lib64/:/x-tools/aarch64-unknown-linux-gnu/aarch64-unknown-linux-gnu/sysroot/lib/../lib64/:/x-tools/aarch64-unknown-linux-gnu/aarch64-unknown-linux-gnu/sysroot/usr/lib/../lib64/:/x-tools/aarch64-unknown-linux-gnu/bin/../lib/gcc/aarch64-unknown-linux-gnu/14.2.0/../../../../aarch64-unknown-linux-gnu/lib/:/x-tools/aarch64-unknown-linux-gnu/aarch64-unknown-linux-gnu/sysroot/lib/:/x-tools/aarch64-unknown-linux-gnu/aarch64-unknown-linux-gnu/sysroot/usr/lib/]
  ignore line: [COLLECT_GCC_OPTIONS='--sysroot=/x-tools/aarch64-unknown-linux-gnu/aarch64-unknown-linux-gnu/sysroot' '-D' '_FILE_OFFSET_BITS=64' '-D' '_LARGEFILE64_SOURCE' '-D' '_LARGEFILE_SOURCE' '-v' '-o' 'CMakeFiles/cmTC_2b758.dir/CMakeCXXCompilerABI.cpp.o' '-c' '-shared-libgcc' '-mlittle-endian' '-mabi=lp64' '-dumpdir' 'CMakeFiles/cmTC_2b758.dir/CMakeCXXCompilerABI.cpp.']
  ignore line: [Linking CXX executable cmTC_2b758]
  ignore line: [/usr/bin/cmake -E cmake_link_script CMakeFiles/cmTC_2b758.dir/link.txt --verbose=1]
  ignore line: [/x-tools/aarch64-unknown-linux-gnu/bin/aarch64-unknown-linux-gnu-c++ --sysroot=/x-tools/aarch64-unknown-linux-gnu/aarch64-unknown-linux-gnu/sysroot  -v CMakeFiles/cmTC_2b758.dir/CMakeCXXCompilerABI.cpp.o -o cmTC_2b758   -L/app/build/CMakeFiles/CMakeTmp/. ]
  ignore line: [Using built-in specs.]
  ignore line: [COLLECT_GCC=/x-tools/aarch64-unknown-linux-gnu/bin/aarch64-unknown-linux-gnu-c++]
  ignore line: [COLLECT_LTO_WRAPPER=/x-tools/aarch64-unknown-linux-gnu/bin/../libexec/gcc/aarch64-unknown-linux-gnu/14.2.0/lto-wrapper]
  ignore line: [Target: aarch64-unknown-linux-gnu]
  ignore line: [Configured with: /home/ARM-Crosstool/crosstool-ng/.build/aarch64-unknown-linux-gnu/src/gcc/configure --build=x86_64-build_pc-linux-gnu --host=x86_64-build_pc-linux-gnu --target=aarch64-unknown-linux-gnu --prefix=/home/joey/x-tools/aarch64-unknown-linux-gnu --exec_prefix=/home/joey/x-tools/aarch64-unknown-linux-gnu --with-sysroot=/home/joey/x-tools/aarch64-unknown-linux-gnu/aarch64-unknown-linux-gnu/sysroot --enable-languages=c c++ --with-pkgversion='crosstool-NG 1.27.0' --enable-__cxa_atexit --disable-libmudflap --disable-libgomp --disable-libssp --disable-libquadmath --disable-libquadmath-support --disable-libsanitizer --disable-libmpx --with-gmp=/home/ARM-Crosstool/crosstool-ng/.build/aarch64-unknown-linux-gnu/buildtools --with-mpfr=/home/ARM-Crosstool/crosstool-ng/.build/aarch64-unknown-linux-gnu/buildtools --with-mpc=/home/ARM-Crosstool/crosstool-ng/.build/aarch64-unknown-linux-gnu/buildtools --with-isl=/home/ARM-Crosstool/crosstool-ng/.build/aarch64-unknown-linux-gnu/buildtools --enable-lto --enable-threads=posix --enable-target-optspace --disable-plugin --disable-nls --disable-multilib --with-local-prefix=/home/joey/x-tools/aarch64-unknown-linux-gnu/aarch64-unknown-linux-gnu/sysroot --enable-long-long]
  ignore line: [Thread model: posix]
  ignore line: [Supported LTO compression algorithms: zlib zstd]
  ignore line: [gcc version 14.2.0 (crosstool-NG 1.27.0) ]
  ignore line: [COMPILER_PATH=/x-tools/aarch64-unknown-linux-gnu/bin/../libexec/gcc/aarch64-unknown-linux-gnu/14.2.0/:/x-tools/aarch64-unknown-linux-gnu/bin/../libexec/gcc/:/x-tools/aarch64-unknown-linux-gnu/bin/../lib/gcc/aarch64-unknown-linux-gnu/14.2.0/../../../../aarch64-unknown-linux-gnu/bin/]
  ignore line: [LIBRARY_PATH=/x-tools/aarch64-unknown-linux-gnu/bin/../lib/gcc/aarch64-unknown-linux-gnu/14.2.0/:/x-tools/aarch64-unknown-linux-gnu/bin/../lib/gcc/:/x-tools/aarch64-unknown-linux-gnu/bin/../lib/gcc/aarch64-unknown-linux-gnu/14.2.0/../../../../aarch64-unknown-linux-gnu/lib/../lib64/:/x-tools/aarch64-unknown-linux-gnu/aarch64-unknown-linux-gnu/sysroot/lib/../lib64/:/x-tools/aarch64-unknown-linux-gnu/aarch64-unknown-linux-gnu/sysroot/usr/lib/../lib64/:/x-tools/aarch64-unknown-linux-gnu/bin/../lib/gcc/aarch64-unknown-linux-gnu/14.2.0/../../../../aarch64-unknown-linux-gnu/lib/:/x-tools/aarch64-unknown-linux-gnu/aarch64-unknown-linux-gnu/sysroot/lib/:/x-tools/aarch64-unknown-linux-gnu/aarch64-unknown-linux-gnu/sysroot/usr/lib/]
  ignore line: [COLLECT_GCC_OPTIONS='--sysroot=/x-tools/aarch64-unknown-linux-gnu/aarch64-unknown-linux-gnu/sysroot' '-v' '-o' 'cmTC_2b758' '-L/app/build/CMakeFiles/CMakeTmp/.' '-shared-libgcc' '-mlittle-endian' '-mabi=lp64' '-dumpdir' 'cmTC_2b758.']
  link line: [ /x-tools/aarch64-unknown-linux-gnu/bin/../libexec/gcc/aarch64-unknown-linux-gnu/14.2.0/collect2 -plugin /x-tools/aarch64-unknown-linux-gnu/bin/../libexec/gcc/aarch64-unknown-linux-gnu/14.2.0/liblto_plugin.so -plugin-opt=/x-tools/aarch64-unknown-linux-gnu/bin/../libexec/gcc/aarch64-unknown-linux-gnu/14.2.0/lto-wrapper -plugin-opt=-fresolution=/tmp/ccpGHle8.res -plugin-opt=-pass-through=-lgcc_s -plugin-opt=-pass-through=-lgcc -plugin-opt=-pass-through=-lc -plugin-opt=-pass-through=-lgcc_s -plugin-opt=-pass-through=-lgcc --sysroot=/x-tools/aarch64-unknown-linux-gnu/aarch64-unknown-linux-gnu/sysroot --eh-frame-hdr -dynamic-linker /lib/ld-linux-aarch64.so.1 -X -EL -maarch64linux -o cmTC_2b758 /x-tools/aarch64-unknown-linux-gnu/aarch64-unknown-linux-gnu/sysroot/usr/lib/../lib64/crt1.o /x-tools/aarch64-unknown-linux-gnu/aarch64-unknown-linux-gnu/sysroot/usr/lib/../lib64/crti.o /x-tools/aarch64-unknown-linux-gnu/bin/../lib/gcc/aarch64-unknown-linux-gnu/14.2.0/crtbegin.o -L/app/build/CMakeFiles/CMakeTmp/. -L/x-tools/aarch64-unknown-linux-gnu/bin/../lib/gcc/aarch64-unknown-linux-gnu/14.2.0 -L/x-tools/aarch64-unknown-linux-gnu/bin/../lib/gcc -L/x-tools/aarch64-unknown-linux-gnu/bin/../lib/gcc/aarch64-unknown-linux-gnu/14.2.0/../../../../aarch64-unknown-linux-gnu/lib/../lib64 -L/x-tools/aarch64-unknown-linux-gnu/aarch64-unknown-linux-gnu/sysroot/lib/../lib64 -L/x-tools/aarch64-unknown-linux-gnu/aarch64-unknown-linux-gnu/sysroot/usr/lib/../lib64 -L/x-tools/aarch64-unknown-linux-gnu/bin/../lib/gcc/aarch64-unknown-linux-gnu/14.2.0/../../../../aarch64-unknown-linux-gnu/lib -L/x-tools/aarch64-unknown-linux-gnu/aarch64-unknown-linux-gnu/sysroot/lib -L/x-tools/aarch64-unknown-linux-gnu/aarch64-unknown-linux-gnu/sysroot/usr/lib CMakeFiles/cmTC_2b758.dir/CMakeCXXCompilerABI.cpp.o -lstdc++ -lm -lgcc_s -lgcc -lc -lgcc_s -lgcc /x-tools/aarch64-unknown-linux-gnu/bin/../lib/gcc/aarch64-unknown-linux-gnu/14.2.0/crtend.o /x-tools/aarch64-unknown-linux-gnu/aarch64-unknown-linux-gnu/sysroot/usr/lib/../lib64/crtn.o]
    arg [/x-tools/aarch64-unknown-linux-gnu/bin/../libexec/gcc/aarch64-unknown-linux-gnu/14.2.0/collect2] ==> ignore
    arg [-plugin] ==> ignore
    arg [/x-tools/aarch64-unknown-linux-gnu/bin/../libexec/gcc/aarch64-unknown-linux-gnu/14.2.0/liblto_plugin.so] ==> ignore
    arg [-plugin-opt=/x-tools/aarch64-unknown-linux-gnu/bin/../libexec/gcc/aarch64-unknown-linux-gnu/14.2.0/lto-wrapper] ==> ignore
    arg [-plugin-opt=-fresolution=/tmp/ccpGHle8.res] ==> ignore
    arg [-plugin-opt=-pass-through=-lgcc_s] ==> ignore
    arg [-plugin-opt=-pass-through=-lgcc] ==> ignore
    arg [-plugin-opt=-pass-through=-lc] ==> ignore
    arg [-plugin-opt=-pass-through=-lgcc_s] ==> ignore
    arg [-plugin-opt=-pass-through=-lgcc] ==> ignore
    arg [--sysroot=/x-tools/aarch64-unknown-linux-gnu/aarch64-unknown-linux-gnu/sysroot] ==> ignore
    arg [--eh-frame-hdr] ==> ignore
    arg [-dynamic-linker] ==> ignore
    arg [/lib/ld-linux-aarch64.so.1] ==> ignore
    arg [-X] ==> ignore
    arg [-EL] ==> ignore
    arg [-maarch64linux] ==> ignore
    arg [-o] ==> ignore
    arg [cmTC_2b758] ==> ignore
    arg [/x-tools/aarch64-unknown-linux-gnu/aarch64-unknown-linux-gnu/sysroot/usr/lib/../lib64/crt1.o] ==> obj [/x-tools/aarch64-unknown-linux-gnu/aarch64-unknown-linux-gnu/sysroot/usr/lib/../lib64/crt1.o]
    arg [/x-tools/aarch64-unknown-linux-gnu/aarch64-unknown-linux-gnu/sysroot/usr/lib/../lib64/crti.o] ==> obj [/x-tools/aarch64-unknown-linux-gnu/aarch64-unknown-linux-gnu/sysroot/usr/lib/../lib64/crti.o]
    arg [/x-tools/aarch64-unknown-linux-gnu/bin/../lib/gcc/aarch64-unknown-linux-gnu/14.2.0/crtbegin.o] ==> obj [/x-tools/aarch64-unknown-linux-gnu/bin/../lib/gcc/aarch64-unknown-linux-gnu/14.2.0/crtbegin.o]
    arg [-L/app/build/CMakeFiles/CMakeTmp/.] ==> dir [/app/build/CMakeFiles/CMakeTmp/.]
    arg [-L/x-tools/aarch64-unknown-linux-gnu/bin/../lib/gcc/aarch64-unknown-linux-gnu/14.2.0] ==> dir [/x-tools/aarch64-unknown-linux-gnu/bin/../lib/gcc/aarch64-unknown-linux-gnu/14.2.0]
    arg [-L/x-tools/aarch64-unknown-linux-gnu/bin/../lib/gcc] ==> dir [/x-tools/aarch64-unknown-linux-gnu/bin/../lib/gcc]
    arg [-L/x-tools/aarch64-unknown-linux-gnu/bin/../lib/gcc/aarch64-unknown-linux-gnu/14.2.0/../../../../aarch64-unknown-linux-gnu/lib/../lib64] ==> dir [/x-tools/aarch64-unknown-linux-gnu/bin/../lib/gcc/aarch64-unknown-linux-gnu/14.2.0/../../../../aarch64-unknown-linux-gnu/lib/../lib64]
    arg [-L/x-tools/aarch64-unknown-linux-gnu/aarch64-unknown-linux-gnu/sysroot/lib/../lib64] ==> dir [/x-tools/aarch64-unknown-linux-gnu/aarch64-unknown-linux-gnu/sysroot/lib/../lib64]
    arg [-L/x-tools/aarch64-unknown-linux-gnu/aarch64-unknown-linux-gnu/sysroot/usr/lib/../lib64] ==> dir [/x-tools/aarch64-unknown-linux-gnu/aarch64-unknown-linux-gnu/sysroot/usr/lib/../lib64]
    arg [-L/x-tools/aarch64-unknown-linux-gnu/bin/../lib/gcc/aarch64-unknown-linux-gnu/14.2.0/../../../../aarch64-unknown-linux-gnu/lib] ==> dir [/x-tools/aarch64-unknown-linux-gnu/bin/../lib/gcc/aarch64-unknown-linux-gnu/14.2.0/../../../../aarch64-unknown-linux-gnu/lib]
    arg [-L/x-tools/aarch64-unknown-linux-gnu/aarch64-unknown-linux-gnu/sysroot/lib] ==> dir [/x-tools/aarch64-unknown-linux-gnu/aarch64-unknown-linux-gnu/sysroot/lib]
    arg [-L/x-tools/aarch64-unknown-linux-gnu/aarch64-unknown-linux-gnu/sysroot/usr/lib] ==> dir [/x-tools/aarch64-unknown-linux-gnu/aarch64-unknown-linux-gnu/sysroot/usr/lib]
    arg [CMakeFiles/cmTC_2b758.dir/CMakeCXXCompilerABI.cpp.o] ==> ignore
    arg [-lstdc++] ==> lib [stdc++]
    arg [-lm] ==> lib [m]
    arg [-lgcc_s] ==> lib [gcc_s]
    arg [-lgcc] ==> lib [gcc]
    arg [-lc] ==> lib [c]
    arg [-lgcc_s] ==> lib [gcc_s]
    arg [-lgcc] ==> lib [gcc]
    arg [/x-tools/aarch64-unknown-linux-gnu/bin/../lib/gcc/aarch64-unknown-linux-gnu/14.2.0/crtend.o] ==> obj [/x-tools/aarch64-unknown-linux-gnu/bin/../lib/gcc/aarch64-unknown-linux-gnu/14.2.0/crtend.o]
    arg [/x-tools/aarch64-unknown-linux-gnu/aarch64-unknown-linux-gnu/sysroot/usr/lib/../lib64/crtn.o] ==> obj [/x-tools/aarch64-unknown-linux-gnu/aarch64-unknown-linux-gnu/sysroot/usr/lib/../lib64/crtn.o]
  collapse obj [/x-tools/aarch64-unknown-linux-gnu/aarch64-unknown-linux-gnu/sysroot/usr/lib/../lib64/crt1.o] ==> [/x-tools/aarch64-unknown-linux-gnu/aarch64-unknown-linux-gnu/sysroot/usr/lib64/crt1.o]
  collapse obj [/x-tools/aarch64-unknown-linux-gnu/aarch64-unknown-linux-gnu/sysroot/usr/lib/../lib64/crti.o] ==> [/x-tools/aarch64-unknown-linux-gnu/aarch64-unknown-linux-gnu/sysroot/usr/lib64/crti.o]
  collapse obj [/x-tools/aarch64-unknown-linux-gnu/bin/../lib/gcc/aarch64-unknown-linux-gnu/14.2.0/crtbegin.o] ==> [/x-tools/aarch64-unknown-linux-gnu/lib/gcc/aarch64-unknown-linux-gnu/14.2.0/crtbegin.o]
  collapse obj [/x-tools/aarch64-unknown-linux-gnu/bin/../lib/gcc/aarch64-unknown-linux-gnu/14.2.0/crtend.o] ==> [/x-tools/aarch64-unknown-linux-gnu/lib/gcc/aarch64-unknown-linux-gnu/14.2.0/crtend.o]
  collapse obj [/x-tools/aarch64-unknown-linux-gnu/aarch64-unknown-linux-gnu/sysroot/usr/lib/../lib64/crtn.o] ==> [/x-tools/aarch64-unknown-linux-gnu/aarch64-unknown-linux-gnu/sysroot/usr/lib64/crtn.o]
  collapse library dir [/app/build/CMakeFiles/CMakeTmp/.] ==> [/app/build/CMakeFiles/CMakeTmp], skipping non-system directory
  collapse library dir [/x-tools/aarch64-unknown-linux-gnu/bin/../lib/gcc/aarch64-unknown-linux-gnu/14.2.0] ==> [/x-tools/aarch64-unknown-linux-gnu/lib/gcc/aarch64-unknown-linux-gnu/14.2.0]
  collapse library dir [/x-tools/aarch64-unknown-linux-gnu/bin/../lib/gcc] ==> [/x-tools/aarch64-unknown-linux-gnu/lib/gcc]
  collapse library dir [/x-tools/aarch64-unknown-linux-gnu/bin/../lib/gcc/aarch64-unknown-linux-gnu/14.2.0/../../../../aarch64-unknown-linux-gnu/lib/../lib64] ==> [/x-tools/aarch64-unknown-linux-gnu/aarch64-unknown-linux-gnu/lib64]
  collapse library dir [/x-tools/aarch64-unknown-linux-gnu/aarch64-unknown-linux-gnu/sysroot/lib/../lib64] ==> [/x-tools/aarch64-unknown-linux-gnu/aarch64-unknown-linux-gnu/sysroot/lib64]
  collapse library dir [/x-tools/aarch64-unknown-linux-gnu/aarch64-unknown-linux-gnu/sysroot/usr/lib/../lib64] ==> [/x-tools/aarch64-unknown-linux-gnu/aarch64-unknown-linux-gnu/sysroot/usr/lib64]
  collapse library dir [/x-tools/aarch64-unknown-linux-gnu/bin/../lib/gcc/aarch64-unknown-linux-gnu/14.2.0/../../../../aarch64-unknown-linux-gnu/lib] ==> [/x-tools/aarch64-unknown-linux-gnu/aarch64-unknown-linux-gnu/lib]
  collapse library dir [/x-tools/aarch64-unknown-linux-gnu/aarch64-unknown-linux-gnu/sysroot/lib] ==> [/x-tools/aarch64-unknown-linux-gnu/aarch64-unknown-linux-gnu/sysroot/lib]
  collapse library dir [/x-tools/aarch64-unknown-linux-gnu/aarch64-unknown-linux-gnu/sysroot/usr/lib] ==> [/x-tools/aarch64-unknown-linux-gnu/aarch64-unknown-linux-gnu/sysroot/usr/lib]
  implicit libs: [stdc++;m;gcc_s;gcc;c;gcc_s;gcc]
  implicit objs: [/x-tools/aarch64-unknown-linux-gnu/aarch64-unknown-linux-gnu/sysroot/usr/lib64/crt1.o;/x-tools/aarch64-unknown-linux-gnu/aarch64-unknown-linux-gnu/sysroot/usr/lib64/crti.o;/x-tools/aarch64-unknown-linux-gnu/lib/gcc/aarch64-unknown-linux-gnu/14.2.0/crtbegin.o;/x-tools/aarch64-unknown-linux-gnu/lib/gcc/aarch64-unknown-linux-gnu/14.2.0/crtend.o;/x-tools/aarch64-unknown-linux-gnu/aarch64-unknown-linux-gnu/sysroot/usr/lib64/crtn.o]
  implicit dirs: [/x-tools/aarch64-unknown-linux-gnu/lib/gcc/aarch64-unknown-linux-gnu/14.2.0;/x-tools/aarch64-unknown-linux-gnu/lib/gcc;/x-tools/aarch64-unknown-linux-gnu/aarch64-unknown-linux-gnu/lib64;/x-tools/aarch64-unknown-linux-gnu/aarch64-unknown-linux-gnu/sysroot/lib64;/x-tools/aarch64-unknown-linux-gnu/aarch64-unknown-linux-gnu/sysroot/usr/lib64;/x-tools/aarch64-unknown-linux-gnu/aarch64-unknown-linux-gnu/lib;/x-tools/aarch64-unknown-linux-gnu/aarch64-unknown-linux-gnu/sysroot/lib;/x-tools/aarch64-unknown-linux-gnu/aarch64-unknown-linux-gnu/sysroot/usr/lib]
  implicit fwks: []


